Analysis & Synthesis report for processor
Fri Apr 27 09:54:27 2018
Quartus Prime Version 17.1.0 Build 590 10/25/2017 SJ Standard Edition


---------------------
; Table of Contents ;
---------------------
  1. Legal Notice
  2. Analysis & Synthesis Summary
  3. Analysis & Synthesis Settings
  4. Parallel Compilation
  5. Analysis & Synthesis Messages



----------------
; Legal Notice ;
----------------
Copyright (C) 2017  Intel Corporation. All rights reserved.
Your use of Intel Corporation's design tools, logic functions 
and other software and tools, and its AMPP partner logic 
functions, and any output files from any of the foregoing 
(including device programming or simulation files), and any 
associated documentation or information are expressly subject 
to the terms and conditions of the Intel Program License 
Subscription Agreement, the Intel Quartus Prime License Agreement,
the Intel FPGA IP License Agreement, or other applicable license
agreement, including, without limitation, that your use is for
the sole purpose of programming logic devices manufactured by
Intel and sold by Intel or its authorized distributors.  Please
refer to the applicable agreement for further details.



+--------------------------------------------------------------------------------------+
; Analysis & Synthesis Summary                                                         ;
+------------------------------------+-------------------------------------------------+
; Analysis & Synthesis Status        ; Failed - Fri Apr 27 09:54:27 2018               ;
; Quartus Prime Version              ; 17.1.0 Build 590 10/25/2017 SJ Standard Edition ;
; Revision Name                      ; processor                                       ;
; Top-level Entity Name              ; processor                                       ;
; Family                             ; Cyclone IV E                                    ;
; Total logic elements               ; N/A until Partition Merge                       ;
;     Total combinational functions  ; N/A until Partition Merge                       ;
;     Dedicated logic registers      ; N/A until Partition Merge                       ;
; Total registers                    ; N/A until Partition Merge                       ;
; Total pins                         ; N/A until Partition Merge                       ;
; Total virtual pins                 ; N/A until Partition Merge                       ;
; Total memory bits                  ; N/A until Partition Merge                       ;
; Embedded Multiplier 9-bit elements ; N/A until Partition Merge                       ;
; Total PLLs                         ; N/A until Partition Merge                       ;
+------------------------------------+-------------------------------------------------+


+----------------------------------------------------------------------------------------------------------------------+
; Analysis & Synthesis Settings                                                                                        ;
+----------------------------------------------------------------------------+--------------------+--------------------+
; Option                                                                     ; Setting            ; Default Value      ;
+----------------------------------------------------------------------------+--------------------+--------------------+
; Device                                                                     ; EP4CE30F23I7       ;                    ;
; Top-level entity name                                                      ; processor          ; processor          ;
; Family name                                                                ; Cyclone IV E       ; Cyclone V          ;
; Use smart compilation                                                      ; Off                ; Off                ;
; Enable parallel Assembler and TimeQuest Timing Analyzer during compilation ; On                 ; On                 ;
; Enable compact report table                                                ; Off                ; Off                ;
; Restructure Multiplexers                                                   ; Auto               ; Auto               ;
; Create Debugging Nodes for IP Cores                                        ; Off                ; Off                ;
; Preserve fewer node names                                                  ; On                 ; On                 ;
; Intel FPGA IP Evaluation Mode                                              ; Enable             ; Enable             ;
; Verilog Version                                                            ; Verilog_2001       ; Verilog_2001       ;
; VHDL Version                                                               ; VHDL_1993          ; VHDL_1993          ;
; State Machine Processing                                                   ; Auto               ; Auto               ;
; Safe State Machine                                                         ; Off                ; Off                ;
; Extract Verilog State Machines                                             ; On                 ; On                 ;
; Extract VHDL State Machines                                                ; On                 ; On                 ;
; Ignore Verilog initial constructs                                          ; Off                ; Off                ;
; Iteration limit for constant Verilog loops                                 ; 5000               ; 5000               ;
; Iteration limit for non-constant Verilog loops                             ; 250                ; 250                ;
; Add Pass-Through Logic to Inferred RAMs                                    ; On                 ; On                 ;
; Infer RAMs from Raw Logic                                                  ; On                 ; On                 ;
; Parallel Synthesis                                                         ; On                 ; On                 ;
; DSP Block Balancing                                                        ; Auto               ; Auto               ;
; NOT Gate Push-Back                                                         ; On                 ; On                 ;
; Power-Up Don't Care                                                        ; On                 ; On                 ;
; Remove Redundant Logic Cells                                               ; Off                ; Off                ;
; Remove Duplicate Registers                                                 ; On                 ; On                 ;
; Ignore CARRY Buffers                                                       ; Off                ; Off                ;
; Ignore CASCADE Buffers                                                     ; Off                ; Off                ;
; Ignore GLOBAL Buffers                                                      ; Off                ; Off                ;
; Ignore ROW GLOBAL Buffers                                                  ; Off                ; Off                ;
; Ignore LCELL Buffers                                                       ; Off                ; Off                ;
; Ignore SOFT Buffers                                                        ; On                 ; On                 ;
; Limit AHDL Integers to 32 Bits                                             ; Off                ; Off                ;
; Optimization Technique                                                     ; Balanced           ; Balanced           ;
; Carry Chain Length                                                         ; 70                 ; 70                 ;
; Auto Carry Chains                                                          ; On                 ; On                 ;
; Auto Open-Drain Pins                                                       ; On                 ; On                 ;
; Perform WYSIWYG Primitive Resynthesis                                      ; Off                ; Off                ;
; Auto ROM Replacement                                                       ; On                 ; On                 ;
; Auto RAM Replacement                                                       ; On                 ; On                 ;
; Auto DSP Block Replacement                                                 ; On                 ; On                 ;
; Auto Shift Register Replacement                                            ; Auto               ; Auto               ;
; Allow Shift Register Merging across Hierarchies                            ; Auto               ; Auto               ;
; Auto Clock Enable Replacement                                              ; On                 ; On                 ;
; Strict RAM Replacement                                                     ; Off                ; Off                ;
; Allow Synchronous Control Signals                                          ; On                 ; On                 ;
; Force Use of Synchronous Clear Signals                                     ; Off                ; Off                ;
; Auto RAM Block Balancing                                                   ; On                 ; On                 ;
; Auto RAM to Logic Cell Conversion                                          ; Off                ; Off                ;
; Auto Resource Sharing                                                      ; Off                ; Off                ;
; Allow Any RAM Size For Recognition                                         ; Off                ; Off                ;
; Allow Any ROM Size For Recognition                                         ; Off                ; Off                ;
; Allow Any Shift Register Size For Recognition                              ; Off                ; Off                ;
; Use LogicLock Constraints during Resource Balancing                        ; On                 ; On                 ;
; Ignore translate_off and synthesis_off directives                          ; Off                ; Off                ;
; Timing-Driven Synthesis                                                    ; On                 ; On                 ;
; Report Parameter Settings                                                  ; On                 ; On                 ;
; Report Source Assignments                                                  ; On                 ; On                 ;
; Report Connectivity Checks                                                 ; On                 ; On                 ;
; Ignore Maximum Fan-Out Assignments                                         ; Off                ; Off                ;
; Synchronization Register Chain Length                                      ; 2                  ; 2                  ;
; Power Optimization During Synthesis                                        ; Normal compilation ; Normal compilation ;
; HDL message level                                                          ; Level2             ; Level2             ;
; Suppress Register Optimization Related Messages                            ; Off                ; Off                ;
; Number of Removed Registers Reported in Synthesis Report                   ; 5000               ; 5000               ;
; Number of Swept Nodes Reported in Synthesis Report                         ; 5000               ; 5000               ;
; Number of Inverted Registers Reported in Synthesis Report                  ; 100                ; 100                ;
; Clock MUX Protection                                                       ; On                 ; On                 ;
; Auto Gated Clock Conversion                                                ; Off                ; Off                ;
; Block Design Naming                                                        ; Auto               ; Auto               ;
; SDC constraint protection                                                  ; Off                ; Off                ;
; Synthesis Effort                                                           ; Auto               ; Auto               ;
; Shift Register Replacement - Allow Asynchronous Clear Signal               ; On                 ; On                 ;
; Pre-Mapping Resynthesis Optimization                                       ; Off                ; Off                ;
; Analysis & Synthesis Message Level                                         ; Medium             ; Medium             ;
; Disable Register Merging Across Hierarchies                                ; Auto               ; Auto               ;
; Resource Aware Inference For Block RAM                                     ; On                 ; On                 ;
+----------------------------------------------------------------------------+--------------------+--------------------+


+------------------------------------------+
; Parallel Compilation                     ;
+----------------------------+-------------+
; Processors                 ; Number      ;
+----------------------------+-------------+
; Number detected on machine ; 8           ;
; Maximum allowed            ; 4           ;
;                            ;             ;
; Average used               ; 1.00        ;
; Maximum used               ; 1           ;
;                            ;             ;
; Usage by Processor         ; % Time Used ;
;     Processor 1            ; 100.0%      ;
+----------------------------+-------------+


+-------------------------------+
; Analysis & Synthesis Messages ;
+-------------------------------+
Info: *******************************************************************
Info: Running Quartus Prime Analysis & Synthesis
    Info: Version 17.1.0 Build 590 10/25/2017 SJ Standard Edition
    Info: Processing started: Fri Apr 27 09:54:16 2018
Info: Command: quartus_map --read_settings_files=on --write_settings_files=off processor -c processor
Warning (18236): Number of processors has not been specified which may cause overloading on shared machines.  Set the global assignment NUM_PARALLEL_PROCESSORS in your QSF to an appropriate value for best performance.
Info (20030): Parallel compilation is enabled and will use 4 of the 4 processors detected
Info (12021): Found 1 design units, including 1 entities, in source file /export/home/016/a0169654/SIMPLE/SZCV/SZCV.v
    Info (12023): Found entity 1: SZCV File: /export/home/016/a0169654/SIMPLE/SZCV/SZCV.v Line: 1
Info (12021): Found 1 design units, including 1 entities, in source file /export/home/016/a0169654/SIMPLE/regfile/regfile.v
    Info (12023): Found entity 1: regfile File: /export/home/016/a0169654/SIMPLE/regfile/regfile.v Line: 1
Info (12021): Found 1 design units, including 1 entities, in source file /export/home/016/a0169654/SIMPLE/program_counter/program_counter.v
    Info (12023): Found entity 1: program_counter File: /export/home/016/a0169654/SIMPLE/program_counter/program_counter.v Line: 1
Info (12021): Found 1 design units, including 1 entities, in source file /export/home/016/a0169654/SIMPLE/phase_counter/phase_counter.v
    Info (12023): Found entity 1: phase_counter File: /export/home/016/a0169654/SIMPLE/phase_counter/phase_counter.v Line: 1
Info (12021): Found 1 design units, including 1 entities, in source file /export/home/016/a0169654/SIMPLE/MDR/MDR.v
    Info (12023): Found entity 1: MDR File: /export/home/016/a0169654/SIMPLE/MDR/MDR.v Line: 1
Info (12021): Found 1 design units, including 1 entities, in source file /export/home/016/a0169654/SIMPLE/main_memory/memory_RAM.v
    Info (12023): Found entity 1: memory_RAM File: /export/home/016/a0169654/SIMPLE/main_memory/memory_RAM.v Line: 39
Info (12021): Found 1 design units, including 1 entities, in source file /export/home/016/a0169654/SIMPLE/instruction_register/instruction_register.v
    Info (12023): Found entity 1: instruction_register File: /export/home/016/a0169654/SIMPLE/instruction_register/instruction_register.v Line: 1
Info (12021): Found 1 design units, including 1 entities, in source file /export/home/016/a0169654/SIMPLE/DR/DR.v
    Info (12023): Found entity 1: DR File: /export/home/016/a0169654/SIMPLE/DR/DR.v Line: 1
Info (12021): Found 1 design units, including 1 entities, in source file /export/home/016/a0169654/SIMPLE/decoder/decoder.v
    Info (12023): Found entity 1: decoder File: /export/home/016/a0169654/SIMPLE/decoder/decoder.v Line: 1
Info (12021): Found 1 design units, including 1 entities, in source file /export/home/016/a0169654/SIMPLE/control_unit/control_unit.v
    Info (12023): Found entity 1: control_unit File: /export/home/016/a0169654/SIMPLE/control_unit/control_unit.v Line: 1
Info (12021): Found 1 design units, including 1 entities, in source file /export/home/016/a0169654/SIMPLE/BR/BR.v
    Info (12023): Found entity 1: BR File: /export/home/016/a0169654/SIMPLE/BR/BR.v Line: 1
Info (12021): Found 1 design units, including 1 entities, in source file /export/home/016/a0169654/SIMPLE/AR/AR.v
    Info (12023): Found entity 1: AR File: /export/home/016/a0169654/SIMPLE/AR/AR.v Line: 3
Info (12021): Found 1 design units, including 1 entities, in source file /export/home/016/a0169654/SIMPLE/ALU/ALU.v
    Info (12023): Found entity 1: ALU File: /export/home/016/a0169654/SIMPLE/ALU/ALU.v Line: 1
Info (12021): Found 1 design units, including 1 entities, in source file /export/home/016/a0169654/SIMPLE/adder_for_program_counter/adder_for_program_counter.v
    Info (12023): Found entity 1: adder_for_program_counter File: /export/home/016/a0169654/SIMPLE/adder_for_program_counter/adder_for_program_counter.v Line: 1
Warning (12019): Can't analyze file -- file processor.v is missing
Info (12021): Found 1 design units, including 1 entities, in source file processor.bdf
    Info (12023): Found entity 1: processor
Info (12127): Elaborating entity "processor" for the top level hierarchy
Info (12128): Elaborating entity "instruction_register" for hierarchy "instruction_register:inst6"
Info (12128): Elaborating entity "control_unit" for hierarchy "control_unit:inst3"
Warning (10240): Verilog HDL Always Construct warning at control_unit.v(11): inferring latch(es) for variable "running", which holds its previous value in one or more paths through the always construct File: /export/home/016/a0169654/SIMPLE/control_unit/control_unit.v Line: 11
Info (10041): Inferred latch for "running" at control_unit.v(11) File: /export/home/016/a0169654/SIMPLE/control_unit/control_unit.v Line: 11
Info (12128): Elaborating entity "phase_counter" for hierarchy "phase_counter:inst2"
Warning (10230): Verilog HDL assignment warning at phase_counter.v(15): truncated value with size 32 to match size of target (3) File: /export/home/016/a0169654/SIMPLE/phase_counter/phase_counter.v Line: 15
Info (12128): Elaborating entity "memory_RAM" for hierarchy "memory_RAM:inst7"
Info (12128): Elaborating entity "altsyncram" for hierarchy "memory_RAM:inst7|altsyncram:altsyncram_component" File: /export/home/016/a0169654/SIMPLE/main_memory/memory_RAM.v Line: 85
Info (12130): Elaborated megafunction instantiation "memory_RAM:inst7|altsyncram:altsyncram_component" File: /export/home/016/a0169654/SIMPLE/main_memory/memory_RAM.v Line: 85
Info (12133): Instantiated megafunction "memory_RAM:inst7|altsyncram:altsyncram_component" with the following parameter: File: /export/home/016/a0169654/SIMPLE/main_memory/memory_RAM.v Line: 85
    Info (12134): Parameter "clock_enable_input_a" = "BYPASS"
    Info (12134): Parameter "clock_enable_output_a" = "BYPASS"
    Info (12134): Parameter "intended_device_family" = "Cyclone IV E"
    Info (12134): Parameter "lpm_hint" = "ENABLE_RUNTIME_MOD=YES,INSTANCE_NAME=NONE"
    Info (12134): Parameter "lpm_type" = "altsyncram"
    Info (12134): Parameter "numwords_a" = "4096"
    Info (12134): Parameter "operation_mode" = "SINGLE_PORT"
    Info (12134): Parameter "outdata_aclr_a" = "NONE"
    Info (12134): Parameter "outdata_reg_a" = "UNREGISTERED"
    Info (12134): Parameter "power_up_uninitialized" = "FALSE"
    Info (12134): Parameter "read_during_write_mode_port_a" = "NEW_DATA_NO_NBE_READ"
    Info (12134): Parameter "widthad_a" = "12"
    Info (12134): Parameter "width_a" = "16"
    Info (12134): Parameter "width_byteena_a" = "1"
Info (12021): Found 1 design units, including 1 entities, in source file db/altsyncram_hai1.tdf
    Info (12023): Found entity 1: altsyncram_hai1 File: /export/home/016/a0169654/SIMPLE/processor/db/altsyncram_hai1.tdf Line: 27
Info (12128): Elaborating entity "altsyncram_hai1" for hierarchy "memory_RAM:inst7|altsyncram:altsyncram_component|altsyncram_hai1:auto_generated" File: /home/quartus/intelFPGA/17.1/quartus/libraries/megafunctions/altsyncram.tdf Line: 791
Info (12021): Found 1 design units, including 1 entities, in source file db/altsyncram_fk82.tdf
    Info (12023): Found entity 1: altsyncram_fk82 File: /export/home/016/a0169654/SIMPLE/processor/db/altsyncram_fk82.tdf Line: 27
Info (12128): Elaborating entity "altsyncram_fk82" for hierarchy "memory_RAM:inst7|altsyncram:altsyncram_component|altsyncram_hai1:auto_generated|altsyncram_fk82:altsyncram1" File: /export/home/016/a0169654/SIMPLE/processor/db/altsyncram_hai1.tdf Line: 36
Info (12128): Elaborating entity "sld_mod_ram_rom" for hierarchy "memory_RAM:inst7|altsyncram:altsyncram_component|altsyncram_hai1:auto_generated|sld_mod_ram_rom:mgl_prim2" File: /export/home/016/a0169654/SIMPLE/processor/db/altsyncram_hai1.tdf Line: 37
Info (12130): Elaborated megafunction instantiation "memory_RAM:inst7|altsyncram:altsyncram_component|altsyncram_hai1:auto_generated|sld_mod_ram_rom:mgl_prim2" File: /export/home/016/a0169654/SIMPLE/processor/db/altsyncram_hai1.tdf Line: 37
Info (12133): Instantiated megafunction "memory_RAM:inst7|altsyncram:altsyncram_component|altsyncram_hai1:auto_generated|sld_mod_ram_rom:mgl_prim2" with the following parameter: File: /export/home/016/a0169654/SIMPLE/processor/db/altsyncram_hai1.tdf Line: 37
    Info (12134): Parameter "CVALUE" = "0000000000000000"
    Info (12134): Parameter "IS_DATA_IN_RAM" = "1"
    Info (12134): Parameter "IS_READABLE" = "1"
    Info (12134): Parameter "NODE_NAME" = "0"
    Info (12134): Parameter "NUMWORDS" = "4096"
    Info (12134): Parameter "SHIFT_COUNT_BITS" = "5"
    Info (12134): Parameter "WIDTH_WORD" = "16"
    Info (12134): Parameter "WIDTHAD" = "12"
Info (12128): Elaborating entity "sld_jtag_endpoint_adapter" for hierarchy "memory_RAM:inst7|altsyncram:altsyncram_component|altsyncram_hai1:auto_generated|sld_mod_ram_rom:mgl_prim2|sld_jtag_endpoint_adapter:jtag_signal_adapter" File: /home/quartus/intelFPGA/17.1/quartus/libraries/megafunctions/sld_mod_ram_rom.vhd Line: 302
Info (12128): Elaborating entity "sld_jtag_endpoint_adapter_impl" for hierarchy "memory_RAM:inst7|altsyncram:altsyncram_component|altsyncram_hai1:auto_generated|sld_mod_ram_rom:mgl_prim2|sld_jtag_endpoint_adapter:jtag_signal_adapter|sld_jtag_endpoint_adapter_impl:sld_jtag_endpoint_adapter_impl_inst" File: /home/quartus/intelFPGA/17.1/quartus/libraries/megafunctions/sld_jtag_endpoint_adapter.vhd Line: 232
Info (12128): Elaborating entity "sld_rom_sr" for hierarchy "memory_RAM:inst7|altsyncram:altsyncram_component|altsyncram_hai1:auto_generated|sld_mod_ram_rom:mgl_prim2|sld_rom_sr:\ram_rom_logic_gen:no_name_gen:info_rom_sr" File: /home/quartus/intelFPGA/17.1/quartus/libraries/megafunctions/sld_mod_ram_rom.vhd Line: 799
Info (12128): Elaborating entity "adder_for_program_counter" for hierarchy "adder_for_program_counter:inst5"
Warning (10230): Verilog HDL assignment warning at adder_for_program_counter.v(5): truncated value with size 32 to match size of target (16) File: /export/home/016/a0169654/SIMPLE/adder_for_program_counter/adder_for_program_counter.v Line: 5
Info (12128): Elaborating entity "program_counter" for hierarchy "program_counter:inst4"
Info (12128): Elaborating entity "MDR" for hierarchy "MDR:inst19"
Info (12128): Elaborating entity "DR" for hierarchy "DR:inst16"
Info (12128): Elaborating entity "ALU" for hierarchy "ALU:inst15"
Warning (10036): Verilog HDL or VHDL warning at ALU.v(11): object "plus_result" assigned a value but never read File: /export/home/016/a0169654/SIMPLE/ALU/ALU.v Line: 11
Warning (10036): Verilog HDL or VHDL warning at ALU.v(12): object "minus_result" assigned a value but never read File: /export/home/016/a0169654/SIMPLE/ALU/ALU.v Line: 12
Warning (10036): Verilog HDL or VHDL warning at ALU.v(14): object "SLL_result" assigned a value but never read File: /export/home/016/a0169654/SIMPLE/ALU/ALU.v Line: 14
Warning (10036): Verilog HDL or VHDL warning at ALU.v(15): object "SLR_result" assigned a value but never read File: /export/home/016/a0169654/SIMPLE/ALU/ALU.v Line: 15
Warning (10036): Verilog HDL or VHDL warning at ALU.v(16): object "SRL_result" assigned a value but never read File: /export/home/016/a0169654/SIMPLE/ALU/ALU.v Line: 16
Warning (10036): Verilog HDL or VHDL warning at ALU.v(17): object "SRR_result" assigned a value but never read File: /export/home/016/a0169654/SIMPLE/ALU/ALU.v Line: 17
Warning (10230): Verilog HDL assignment warning at ALU.v(115): truncated value with size 16 to match size of target (1) File: /export/home/016/a0169654/SIMPLE/ALU/ALU.v Line: 115
Info (12128): Elaborating entity "SZCV" for hierarchy "SZCV:inst17"
Info (12128): Elaborating entity "decoder" for hierarchy "decoder:inst8"
Info (12128): Elaborating entity "BR" for hierarchy "BR:inst11"
Info (12128): Elaborating entity "regfile" for hierarchy "regfile:inst9"
Info (12128): Elaborating entity "AR" for hierarchy "AR:inst10"
Error (12006): Node instance "inst21" instantiates undefined entity "adjust_seven_segment". Ensure that required library paths are specified correctly, define the specified entity, or change the instantiation. If this entity represents Intel FPGA or third-party IP, generate the synthesis files for the IP.
Error (12006): Node instance "inst" instantiates undefined entity "data_selecter". Ensure that required library paths are specified correctly, define the specified entity, or change the instantiation. If this entity represents Intel FPGA or third-party IP, generate the synthesis files for the IP.
Error (12006): Node instance "inst1" instantiates undefined entity "data_selecter_controller". Ensure that required library paths are specified correctly, define the specified entity, or change the instantiation. If this entity represents Intel FPGA or third-party IP, generate the synthesis files for the IP.
Error (12006): Node instance "inst18" instantiates undefined entity "data_selecter". Ensure that required library paths are specified correctly, define the specified entity, or change the instantiation. If this entity represents Intel FPGA or third-party IP, generate the synthesis files for the IP.
Error (12006): Node instance "inst20" instantiates undefined entity "data_selecter". Ensure that required library paths are specified correctly, define the specified entity, or change the instantiation. If this entity represents Intel FPGA or third-party IP, generate the synthesis files for the IP.
Error (12006): Node instance "inst13" instantiates undefined entity "data_selecter". Ensure that required library paths are specified correctly, define the specified entity, or change the instantiation. If this entity represents Intel FPGA or third-party IP, generate the synthesis files for the IP.
Error (12006): Node instance "inst12" instantiates undefined entity "data_selecter". Ensure that required library paths are specified correctly, define the specified entity, or change the instantiation. If this entity represents Intel FPGA or third-party IP, generate the synthesis files for the IP.
Error (12006): Node instance "inst14" instantiates undefined entity "eight_to_sixteen". Ensure that required library paths are specified correctly, define the specified entity, or change the instantiation. If this entity represents Intel FPGA or third-party IP, generate the synthesis files for the IP.
Error: Quartus Prime Analysis & Synthesis was unsuccessful. 8 errors, 12 warnings
    Error: Peak virtual memory: 1082 megabytes
    Error: Processing ended: Fri Apr 27 09:54:27 2018
    Error: Elapsed time: 00:00:11
    Error: Total CPU time (on all processors): 00:00:26


