TimeQuest Timing Analyzer report for control_unit
Fri Apr 20 13:17:53 2018
Quartus Prime Version 17.1.0 Build 590 10/25/2017 SJ Standard Edition


---------------------
; Table of Contents ;
---------------------
  1. Legal Notice
  2. TimeQuest Timing Analyzer Summary
  3. Parallel Compilation
  4. Clocks
  5. Slow 1200mV 100C Model Fmax Summary
  6. Timing Closure Recommendations
  7. Slow 1200mV 100C Model Setup Summary
  8. Slow 1200mV 100C Model Hold Summary
  9. Slow 1200mV 100C Model Recovery Summary
 10. Slow 1200mV 100C Model Removal Summary
 11. Slow 1200mV 100C Model Minimum Pulse Width Summary
 12. Slow 1200mV 100C Model Setup: 'exec'
 13. Slow 1200mV 100C Model Setup: 'reset'
 14. Slow 1200mV 100C Model Hold: 'reset'
 15. Slow 1200mV 100C Model Hold: 'exec'
 16. Slow 1200mV 100C Model Recovery: 'reset'
 17. Slow 1200mV 100C Model Removal: 'reset'
 18. Slow 1200mV 100C Model Metastability Summary
 19. Slow 1200mV -40C Model Fmax Summary
 20. Slow 1200mV -40C Model Setup Summary
 21. Slow 1200mV -40C Model Hold Summary
 22. Slow 1200mV -40C Model Recovery Summary
 23. Slow 1200mV -40C Model Removal Summary
 24. Slow 1200mV -40C Model Minimum Pulse Width Summary
 25. Slow 1200mV -40C Model Setup: 'exec'
 26. Slow 1200mV -40C Model Setup: 'reset'
 27. Slow 1200mV -40C Model Hold: 'reset'
 28. Slow 1200mV -40C Model Hold: 'exec'
 29. Slow 1200mV -40C Model Recovery: 'reset'
 30. Slow 1200mV -40C Model Removal: 'reset'
 31. Slow 1200mV -40C Model Metastability Summary
 32. Fast 1200mV -40C Model Setup Summary
 33. Fast 1200mV -40C Model Hold Summary
 34. Fast 1200mV -40C Model Recovery Summary
 35. Fast 1200mV -40C Model Removal Summary
 36. Fast 1200mV -40C Model Minimum Pulse Width Summary
 37. Fast 1200mV -40C Model Setup: 'exec'
 38. Fast 1200mV -40C Model Setup: 'reset'
 39. Fast 1200mV -40C Model Hold: 'exec'
 40. Fast 1200mV -40C Model Hold: 'reset'
 41. Fast 1200mV -40C Model Recovery: 'reset'
 42. Fast 1200mV -40C Model Removal: 'reset'
 43. Fast 1200mV -40C Model Metastability Summary
 44. Multicorner Timing Analysis Summary
 45. Board Trace Model Assignments
 46. Input Transition Times
 47. Signal Integrity Metrics (Slow 1200mv n40c Model)
 48. Signal Integrity Metrics (Slow 1200mv 100c Model)
 49. Signal Integrity Metrics (Fast 1200mv n40c Model)
 50. Setup Transfers
 51. Hold Transfers
 52. Recovery Transfers
 53. Removal Transfers
 54. Report TCCS
 55. Report RSKM
 56. Unconstrained Paths Summary
 57. Clock Status Summary
 58. Unconstrained Input Ports
 59. Unconstrained Output Ports
 60. Unconstrained Input Ports
 61. Unconstrained Output Ports
 62. TimeQuest Timing Analyzer Messages



----------------
; Legal Notice ;
----------------
Copyright (C) 2017  Intel Corporation. All rights reserved.
Your use of Intel Corporation's design tools, logic functions 
and other software and tools, and its AMPP partner logic 
functions, and any output files from any of the foregoing 
(including device programming or simulation files), and any 
associated documentation or information are expressly subject 
to the terms and conditions of the Intel Program License 
Subscription Agreement, the Intel Quartus Prime License Agreement,
the Intel FPGA IP License Agreement, or other applicable license
agreement, including, without limitation, that your use is for
the sole purpose of programming logic devices manufactured by
Intel and sold by Intel or its authorized distributors.  Please
refer to the applicable agreement for further details.



+---------------------------------------------------------------------------------+
; TimeQuest Timing Analyzer Summary                                               ;
+-----------------------+---------------------------------------------------------+
; Quartus Prime Version ; Version 17.1.0 Build 590 10/25/2017 SJ Standard Edition ;
; Timing Analyzer       ; TimeQuest                                               ;
; Revision Name         ; control_unit                                            ;
; Device Family         ; Cyclone IV E                                            ;
; Device Name           ; EP4CE30F23I7                                            ;
; Timing Models         ; Final                                                   ;
; Delay Model           ; Combined                                                ;
; Rise/Fall Delays      ; Enabled                                                 ;
+-----------------------+---------------------------------------------------------+


+------------------------------------------+
; Parallel Compilation                     ;
+----------------------------+-------------+
; Processors                 ; Number      ;
+----------------------------+-------------+
; Number detected on machine ; 8           ;
; Maximum allowed            ; 4           ;
;                            ;             ;
; Average used               ; 1.01        ;
; Maximum used               ; 4           ;
;                            ;             ;
; Usage by Processor         ; % Time Used ;
;     Processor 1            ; 100.0%      ;
;     Processor 2            ;   0.2%      ;
;     Processors 3-4         ;   0.1%      ;
+----------------------------+-------------+


+-----------------------------------------------------------------------------------------------------------------------------------------------------------------------------------+
; Clocks                                                                                                                                                                            ;
+------------+------+--------+------------+-------+-------+------------+-----------+-------------+-------+--------+-----------+------------+----------+--------+--------+-----------+
; Clock Name ; Type ; Period ; Frequency  ; Rise  ; Fall  ; Duty Cycle ; Divide by ; Multiply by ; Phase ; Offset ; Edge List ; Edge Shift ; Inverted ; Master ; Source ; Targets   ;
+------------+------+--------+------------+-------+-------+------------+-----------+-------------+-------+--------+-----------+------------+----------+--------+--------+-----------+
; exec       ; Base ; 1.000  ; 1000.0 MHz ; 0.000 ; 0.500 ;            ;           ;             ;       ;        ;           ;            ;          ;        ;        ; { exec }  ;
; reset      ; Base ; 1.000  ; 1000.0 MHz ; 0.000 ; 0.500 ;            ;           ;             ;       ;        ;           ;            ;          ;        ;        ; { reset } ;
+------------+------+--------+------------+-------+-------+------------+-----------+-------------+-------+--------+-----------+------------+----------+--------+--------+-----------+


+--------------------------------------------------+
; Slow 1200mV 100C Model Fmax Summary              ;
+------------+-----------------+------------+------+
; Fmax       ; Restricted Fmax ; Clock Name ; Note ;
+------------+-----------------+------------+------+
; 225.33 MHz ; 225.33 MHz      ; exec       ;      ;
+------------+-----------------+------------+------+
This panel reports FMAX for every clock in the design, regardless of the user-specified clock periods.  FMAX is only computed for paths where the source and destination registers or ports are driven by the same clock.  Paths of different clocks, including generated clocks, are ignored.  For paths between a clock and its inversion, FMAX is computed as if the rising and falling edges are scaled along with FMAX, such that the duty cycle (in terms of a percentage) is maintained. Altera recommends that you always use clock constraints and other slack reports for sign-off analysis.


----------------------------------
; Timing Closure Recommendations ;
----------------------------------
HTML report is unavailable in plain text report export.


+--------------------------------------+
; Slow 1200mV 100C Model Setup Summary ;
+-------+--------+---------------------+
; Clock ; Slack  ; End Point TNS       ;
+-------+--------+---------------------+
; exec  ; -2.513 ; -2.513              ;
; reset ; -0.059 ; -0.059              ;
+-------+--------+---------------------+


+-------------------------------------+
; Slow 1200mV 100C Model Hold Summary ;
+-------+-------+---------------------+
; Clock ; Slack ; End Point TNS       ;
+-------+-------+---------------------+
; reset ; 0.652 ; 0.000               ;
; exec  ; 1.147 ; 0.000               ;
+-------+-------+---------------------+


+-----------------------------------------+
; Slow 1200mV 100C Model Recovery Summary ;
+-------+--------+------------------------+
; Clock ; Slack  ; End Point TNS          ;
+-------+--------+------------------------+
; reset ; -1.283 ; -1.283                 ;
+-------+--------+------------------------+


+----------------------------------------+
; Slow 1200mV 100C Model Removal Summary ;
+-------+-------+------------------------+
; Clock ; Slack ; End Point TNS          ;
+-------+-------+------------------------+
; reset ; 1.178 ; 0.000                  ;
+-------+-------+------------------------+


+----------------------------------------------------+
; Slow 1200mV 100C Model Minimum Pulse Width Summary ;
+-------+--------+-----------------------------------+
; Clock ; Slack  ; End Point TNS                     ;
+-------+--------+-----------------------------------+
; reset ; -3.000 ; -4.285                            ;
; exec  ; -3.000 ; -3.000                            ;
+-------+--------+-----------------------------------+


+--------------------------------------------------------------------------------------------------------------+
; Slow 1200mV 100C Model Setup: 'exec'                                                                         ;
+--------+-------------------+-----------+--------------+-------------+--------------+------------+------------+
; Slack  ; From Node         ; To Node   ; Launch Clock ; Latch Clock ; Relationship ; Clock Skew ; Data Delay ;
+--------+-------------------+-----------+--------------+-------------+--------------+------------+------------+
; -2.513 ; running~_emulated ; running~1 ; reset        ; exec        ; 0.500        ; -0.413     ; 1.703      ;
; -1.719 ; exec              ; running~1 ; exec         ; exec        ; 0.500        ; 1.771      ; 3.123      ;
; -1.363 ; running~1         ; running~1 ; exec         ; exec        ; 1.000        ; -0.047     ; 1.449      ;
; -1.289 ; exec              ; running~1 ; exec         ; exec        ; 1.000        ; 1.771      ; 3.193      ;
+--------+-------------------+-----------+--------------+-------------+--------------+------------+------------+


+--------------------------------------------------------------------------------------------------------------+
; Slow 1200mV 100C Model Setup: 'reset'                                                                        ;
+--------+-----------+-------------------+--------------+-------------+--------------+------------+------------+
; Slack  ; From Node ; To Node           ; Launch Clock ; Latch Clock ; Relationship ; Clock Skew ; Data Delay ;
+--------+-----------+-------------------+--------------+-------------+--------------+------------+------------+
; -0.059 ; running~1 ; running~_emulated ; exec         ; reset       ; 0.500        ; 0.278      ; 0.825      ;
+--------+-----------+-------------------+--------------+-------------+--------------+------------+------------+


+-------------------------------------------------------------------------------------------------------------+
; Slow 1200mV 100C Model Hold: 'reset'                                                                        ;
+-------+-----------+-------------------+--------------+-------------+--------------+------------+------------+
; Slack ; From Node ; To Node           ; Launch Clock ; Latch Clock ; Relationship ; Clock Skew ; Data Delay ;
+-------+-----------+-------------------+--------------+-------------+--------------+------------+------------+
; 0.652 ; running~1 ; running~_emulated ; exec         ; reset       ; -0.500       ; 0.413      ; 0.781      ;
+-------+-----------+-------------------+--------------+-------------+--------------+------------+------------+


+-------------------------------------------------------------------------------------------------------------+
; Slow 1200mV 100C Model Hold: 'exec'                                                                         ;
+-------+-------------------+-----------+--------------+-------------+--------------+------------+------------+
; Slack ; From Node         ; To Node   ; Launch Clock ; Latch Clock ; Relationship ; Clock Skew ; Data Delay ;
+-------+-------------------+-----------+--------------+-------------+--------------+------------+------------+
; 1.147 ; exec              ; running~1 ; exec         ; exec        ; 0.000        ; 1.818      ; 2.965      ;
; 1.279 ; running~1         ; running~1 ; exec         ; exec        ; 0.000        ; 0.047      ; 1.326      ;
; 1.605 ; exec              ; running~1 ; exec         ; exec        ; -0.500       ; 1.818      ; 2.923      ;
; 2.314 ; running~_emulated ; running~1 ; reset        ; exec        ; -0.500       ; -0.278     ; 1.566      ;
+-------+-------------------+-----------+--------------+-------------+--------------+------------+------------+


+--------------------------------------------------------------------------------------------------------------+
; Slow 1200mV 100C Model Recovery: 'reset'                                                                     ;
+--------+-----------+-------------------+--------------+-------------+--------------+------------+------------+
; Slack  ; From Node ; To Node           ; Launch Clock ; Latch Clock ; Relationship ; Clock Skew ; Data Delay ;
+--------+-----------+-------------------+--------------+-------------+--------------+------------+------------+
; -1.283 ; exec      ; running~_emulated ; exec         ; reset       ; 0.500        ; 2.096      ; 3.867      ;
; -0.631 ; exec      ; running~_emulated ; exec         ; reset       ; 1.000        ; 2.096      ; 3.715      ;
+--------+-----------+-------------------+--------------+-------------+--------------+------------+------------+


+-------------------------------------------------------------------------------------------------------------+
; Slow 1200mV 100C Model Removal: 'reset'                                                                     ;
+-------+-----------+-------------------+--------------+-------------+--------------+------------+------------+
; Slack ; From Node ; To Node           ; Launch Clock ; Latch Clock ; Relationship ; Clock Skew ; Data Delay ;
+-------+-----------+-------------------+--------------+-------------+--------------+------------+------------+
; 1.178 ; exec      ; running~_emulated ; exec         ; reset       ; 0.000        ; 2.184      ; 3.578      ;
; 1.826 ; exec      ; running~_emulated ; exec         ; reset       ; -0.500       ; 2.184      ; 3.726      ;
+-------+-----------+-------------------+--------------+-------------+--------------+------------+------------+


------------------------------------------------
; Slow 1200mV 100C Model Metastability Summary ;
------------------------------------------------
No synchronizer chains to report.


+--------------------------------------------------+
; Slow 1200mV -40C Model Fmax Summary              ;
+------------+-----------------+------------+------+
; Fmax       ; Restricted Fmax ; Clock Name ; Note ;
+------------+-----------------+------------+------+
; 242.13 MHz ; 242.13 MHz      ; exec       ;      ;
+------------+-----------------+------------+------+
This panel reports FMAX for every clock in the design, regardless of the user-specified clock periods.  FMAX is only computed for paths where the source and destination registers or ports are driven by the same clock.  Paths of different clocks, including generated clocks, are ignored.  For paths between a clock and its inversion, FMAX is computed as if the rising and falling edges are scaled along with FMAX, such that the duty cycle (in terms of a percentage) is maintained. Altera recommends that you always use clock constraints and other slack reports for sign-off analysis.


+--------------------------------------+
; Slow 1200mV -40C Model Setup Summary ;
+-------+--------+---------------------+
; Clock ; Slack  ; End Point TNS       ;
+-------+--------+---------------------+
; exec  ; -2.261 ; -2.261              ;
; reset ; 0.082  ; 0.000               ;
+-------+--------+---------------------+


+-------------------------------------+
; Slow 1200mV -40C Model Hold Summary ;
+-------+-------+---------------------+
; Clock ; Slack ; End Point TNS       ;
+-------+-------+---------------------+
; reset ; 0.544 ; 0.000               ;
; exec  ; 0.962 ; 0.000               ;
+-------+-------+---------------------+


+-----------------------------------------+
; Slow 1200mV -40C Model Recovery Summary ;
+-------+--------+------------------------+
; Clock ; Slack  ; End Point TNS          ;
+-------+--------+------------------------+
; reset ; -0.944 ; -0.944                 ;
+-------+--------+------------------------+


+----------------------------------------+
; Slow 1200mV -40C Model Removal Summary ;
+-------+-------+------------------------+
; Clock ; Slack ; End Point TNS          ;
+-------+-------+------------------------+
; reset ; 1.069 ; 0.000                  ;
+-------+-------+------------------------+


+----------------------------------------------------+
; Slow 1200mV -40C Model Minimum Pulse Width Summary ;
+-------+--------+-----------------------------------+
; Clock ; Slack  ; End Point TNS                     ;
+-------+--------+-----------------------------------+
; reset ; -3.000 ; -4.285                            ;
; exec  ; -3.000 ; -3.000                            ;
+-------+--------+-----------------------------------+


+--------------------------------------------------------------------------------------------------------------+
; Slow 1200mV -40C Model Setup: 'exec'                                                                         ;
+--------+-------------------+-----------+--------------+-------------+--------------+------------+------------+
; Slack  ; From Node         ; To Node   ; Launch Clock ; Latch Clock ; Relationship ; Clock Skew ; Data Delay ;
+--------+-------------------+-----------+--------------+-------------+--------------+------------+------------+
; -2.261 ; running~_emulated ; running~1 ; reset        ; exec        ; 0.500        ; -0.445     ; 1.506      ;
; -1.565 ; exec              ; running~1 ; exec         ; exec        ; 0.500        ; 1.546      ; 2.831      ;
; -1.116 ; running~1         ; running~1 ; exec         ; exec        ; 1.000        ; -0.039     ; 1.297      ;
; -1.049 ; exec              ; running~1 ; exec         ; exec        ; 1.000        ; 1.546      ; 2.815      ;
+--------+-------------------+-----------+--------------+-------------+--------------+------------+------------+


+-------------------------------------------------------------------------------------------------------------+
; Slow 1200mV -40C Model Setup: 'reset'                                                                       ;
+-------+-----------+-------------------+--------------+-------------+--------------+------------+------------+
; Slack ; From Node ; To Node           ; Launch Clock ; Latch Clock ; Relationship ; Clock Skew ; Data Delay ;
+-------+-----------+-------------------+--------------+-------------+--------------+------------+------------+
; 0.082 ; running~1 ; running~_emulated ; exec         ; reset       ; 0.500        ; 0.330      ; 0.738      ;
+-------+-----------+-------------------+--------------+-------------+--------------+------------+------------+


+-------------------------------------------------------------------------------------------------------------+
; Slow 1200mV -40C Model Hold: 'reset'                                                                        ;
+-------+-----------+-------------------+--------------+-------------+--------------+------------+------------+
; Slack ; From Node ; To Node           ; Launch Clock ; Latch Clock ; Relationship ; Clock Skew ; Data Delay ;
+-------+-----------+-------------------+--------------+-------------+--------------+------------+------------+
; 0.544 ; running~1 ; running~_emulated ; exec         ; reset       ; -0.500       ; 0.445      ; 0.687      ;
+-------+-----------+-------------------+--------------+-------------+--------------+------------+------------+


+-------------------------------------------------------------------------------------------------------------+
; Slow 1200mV -40C Model Hold: 'exec'                                                                         ;
+-------+-------------------+-----------+--------------+-------------+--------------+------------+------------+
; Slack ; From Node         ; To Node   ; Launch Clock ; Latch Clock ; Relationship ; Clock Skew ; Data Delay ;
+-------+-------------------+-----------+--------------+-------------+--------------+------------+------------+
; 0.962 ; exec              ; running~1 ; exec         ; exec        ; 0.000        ; 1.585      ; 2.547      ;
; 1.086 ; running~1         ; running~1 ; exec         ; exec        ; 0.000        ; 0.039      ; 1.125      ;
; 1.521 ; exec              ; running~1 ; exec         ; exec        ; -0.500       ; 1.585      ; 2.606      ;
; 2.125 ; running~_emulated ; running~1 ; reset        ; exec        ; -0.500       ; -0.330     ; 1.325      ;
+-------+-------------------+-----------+--------------+-------------+--------------+------------+------------+


+--------------------------------------------------------------------------------------------------------------+
; Slow 1200mV -40C Model Recovery: 'reset'                                                                     ;
+--------+-----------+-------------------+--------------+-------------+--------------+------------+------------+
; Slack  ; From Node ; To Node           ; Launch Clock ; Latch Clock ; Relationship ; Clock Skew ; Data Delay ;
+--------+-----------+-------------------+--------------+-------------+--------------+------------+------------+
; -0.944 ; exec      ; running~_emulated ; exec         ; reset       ; 0.500        ; 1.915      ; 3.349      ;
; -0.474 ; exec      ; running~_emulated ; exec         ; reset       ; 1.000        ; 1.915      ; 3.379      ;
+--------+-----------+-------------------+--------------+-------------+--------------+------------+------------+


+-------------------------------------------------------------------------------------------------------------+
; Slow 1200mV -40C Model Removal: 'reset'                                                                     ;
+-------+-----------+-------------------+--------------+-------------+--------------+------------+------------+
; Slack ; From Node ; To Node           ; Launch Clock ; Latch Clock ; Relationship ; Clock Skew ; Data Delay ;
+-------+-----------+-------------------+--------------+-------------+--------------+------------+------------+
; 1.069 ; exec      ; running~_emulated ; exec         ; reset       ; 0.000        ; 1.991      ; 3.258      ;
; 1.539 ; exec      ; running~_emulated ; exec         ; reset       ; -0.500       ; 1.991      ; 3.228      ;
+-------+-----------+-------------------+--------------+-------------+--------------+------------+------------+


------------------------------------------------
; Slow 1200mV -40C Model Metastability Summary ;
------------------------------------------------
No synchronizer chains to report.


+--------------------------------------+
; Fast 1200mV -40C Model Setup Summary ;
+-------+--------+---------------------+
; Clock ; Slack  ; End Point TNS       ;
+-------+--------+---------------------+
; exec  ; -0.520 ; -0.520              ;
; reset ; -0.151 ; -0.151              ;
+-------+--------+---------------------+


+-------------------------------------+
; Fast 1200mV -40C Model Hold Summary ;
+-------+-------+---------------------+
; Clock ; Slack ; End Point TNS       ;
+-------+-------+---------------------+
; exec  ; 0.522 ; 0.000               ;
; reset ; 0.911 ; 0.000               ;
+-------+-------+---------------------+


+-----------------------------------------+
; Fast 1200mV -40C Model Recovery Summary ;
+-------+--------+------------------------+
; Clock ; Slack  ; End Point TNS          ;
+-------+--------+------------------------+
; reset ; -0.859 ; -0.859                 ;
+-------+--------+------------------------+


+----------------------------------------+
; Fast 1200mV -40C Model Removal Summary ;
+-------+-------+------------------------+
; Clock ; Slack ; End Point TNS          ;
+-------+-------+------------------------+
; reset ; 0.592 ; 0.000                  ;
+-------+-------+------------------------+


+----------------------------------------------------+
; Fast 1200mV -40C Model Minimum Pulse Width Summary ;
+-------+--------+-----------------------------------+
; Clock ; Slack  ; End Point TNS                     ;
+-------+--------+-----------------------------------+
; reset ; -3.000 ; -4.093                            ;
; exec  ; -3.000 ; -3.000                            ;
+-------+--------+-----------------------------------+


+--------------------------------------------------------------------------------------------------------------+
; Fast 1200mV -40C Model Setup: 'exec'                                                                         ;
+--------+-------------------+-----------+--------------+-------------+--------------+------------+------------+
; Slack  ; From Node         ; To Node   ; Launch Clock ; Latch Clock ; Relationship ; Clock Skew ; Data Delay ;
+--------+-------------------+-----------+--------------+-------------+--------------+------------+------------+
; -0.520 ; running~_emulated ; running~1 ; reset        ; exec        ; 0.500        ; 0.196      ; 0.791      ;
; -0.155 ; exec              ; running~1 ; exec         ; exec        ; 0.500        ; 1.185      ; 1.445      ;
; -0.089 ; running~1         ; running~1 ; exec         ; exec        ; 1.000        ; -0.024     ; 0.670      ;
; -0.052 ; exec              ; running~1 ; exec         ; exec        ; 1.000        ; 1.185      ; 1.842      ;
+--------+-------------------+-----------+--------------+-------------+--------------+------------+------------+


+--------------------------------------------------------------------------------------------------------------+
; Fast 1200mV -40C Model Setup: 'reset'                                                                        ;
+--------+-----------+-------------------+--------------+-------------+--------------+------------+------------+
; Slack  ; From Node ; To Node           ; Launch Clock ; Latch Clock ; Relationship ; Clock Skew ; Data Delay ;
+--------+-----------+-------------------+--------------+-------------+--------------+------------+------------+
; -0.151 ; running~1 ; running~_emulated ; exec         ; reset       ; 0.500        ; -0.261     ; 0.368      ;
+--------+-----------+-------------------+--------------+-------------+--------------+------------+------------+


+-------------------------------------------------------------------------------------------------------------+
; Fast 1200mV -40C Model Hold: 'exec'                                                                         ;
+-------+-------------------+-----------+--------------+-------------+--------------+------------+------------+
; Slack ; From Node         ; To Node   ; Launch Clock ; Latch Clock ; Relationship ; Clock Skew ; Data Delay ;
+-------+-------------------+-----------+--------------+-------------+--------------+------------+------------+
; 0.522 ; exec              ; running~1 ; exec         ; exec        ; 0.000        ; 1.209      ; 1.731      ;
; 0.545 ; running~1         ; running~1 ; exec         ; exec        ; 0.000        ; 0.024      ; 0.569      ;
; 0.592 ; exec              ; running~1 ; exec         ; exec        ; -0.500       ; 1.209      ; 1.301      ;
; 0.888 ; running~_emulated ; running~1 ; reset        ; exec        ; -0.500       ; 0.261      ; 0.679      ;
+-------+-------------------+-----------+--------------+-------------+--------------+------------+------------+


+-------------------------------------------------------------------------------------------------------------+
; Fast 1200mV -40C Model Hold: 'reset'                                                                        ;
+-------+-----------+-------------------+--------------+-------------+--------------+------------+------------+
; Slack ; From Node ; To Node           ; Launch Clock ; Latch Clock ; Relationship ; Clock Skew ; Data Delay ;
+-------+-----------+-------------------+--------------+-------------+--------------+------------+------------+
; 0.911 ; running~1 ; running~_emulated ; exec         ; reset       ; -0.500       ; -0.196     ; 0.327      ;
+-------+-----------+-------------------+--------------+-------------+--------------+------------+------------+


+--------------------------------------------------------------------------------------------------------------+
; Fast 1200mV -40C Model Recovery: 'reset'                                                                     ;
+--------+-----------+-------------------+--------------+-------------+--------------+------------+------------+
; Slack  ; From Node ; To Node           ; Launch Clock ; Latch Clock ; Relationship ; Clock Skew ; Data Delay ;
+--------+-----------+-------------------+--------------+-------------+--------------+------------+------------+
; -0.859 ; exec      ; running~_emulated ; exec         ; reset       ; 0.500        ; 0.948      ; 2.285      ;
; 0.168  ; exec      ; running~_emulated ; exec         ; reset       ; 1.000        ; 0.948      ; 1.758      ;
+--------+-----------+-------------------+--------------+-------------+--------------+------------+------------+


+-------------------------------------------------------------------------------------------------------------+
; Fast 1200mV -40C Model Removal: 'reset'                                                                     ;
+-------+-----------+-------------------+--------------+-------------+--------------+------------+------------+
; Slack ; From Node ; To Node           ; Launch Clock ; Latch Clock ; Relationship ; Clock Skew ; Data Delay ;
+-------+-----------+-------------------+--------------+-------------+--------------+------------+------------+
; 0.592 ; exec      ; running~_emulated ; exec         ; reset       ; 0.000        ; 0.989      ; 1.693      ;
; 1.606 ; exec      ; running~_emulated ; exec         ; reset       ; -0.500       ; 0.989      ; 2.207      ;
+-------+-----------+-------------------+--------------+-------------+--------------+------------+------------+


------------------------------------------------
; Fast 1200mV -40C Model Metastability Summary ;
------------------------------------------------
No synchronizer chains to report.


+------------------------------------------------------------------------------+
; Multicorner Timing Analysis Summary                                          ;
+------------------+--------+-------+----------+---------+---------------------+
; Clock            ; Setup  ; Hold  ; Recovery ; Removal ; Minimum Pulse Width ;
+------------------+--------+-------+----------+---------+---------------------+
; Worst-case Slack ; -2.513 ; 0.522 ; -1.283   ; 0.592   ; -3.000              ;
;  exec            ; -2.513 ; 0.522 ; N/A      ; N/A     ; -3.000              ;
;  reset           ; -0.151 ; 0.544 ; -1.283   ; 0.592   ; -3.000              ;
; Design-wide TNS  ; -2.572 ; 0.0   ; -1.283   ; 0.0     ; -7.285              ;
;  exec            ; -2.513 ; 0.000 ; N/A      ; N/A     ; -3.000              ;
;  reset           ; -0.151 ; 0.000 ; -1.283   ; 0.000   ; -4.285              ;
+------------------+--------+-------+----------+---------+---------------------+


+------------------------------------------------------------------------------------------------------------------------------------------------------------------------------------------------------------------------------------------------------------------------------------------------------------------------------------------------------------------------------------------------------------------+
; Board Trace Model Assignments                                                                                                                                                                                                                                                                                                                                                                                    ;
+---------------+--------------+-------------------+-------------------------+-------------------------+---------------+---------------------+----------------+------------------+--------+------------------+------------------------+------------------------+--------------+---------------+-----------------+-------+---------------------+--------------------+---------------+-----------------+-------------+
; Pin           ; I/O Standard ; Near Tline Length ; Near Tline L per Length ; Near Tline C per Length ; Near Series R ; Near Differential R ; Near Pull-up R ; Near Pull-down R ; Near C ; Far Tline Length ; Far Tline L per Length ; Far Tline C per Length ; Far Series R ; Far Pull-up R ; Far Pull-down R ; Far C ; Termination Voltage ; Far Differential R ; EBD File Name ; EBD Signal Name ; EBD Far-end ;
+---------------+--------------+-------------------+-------------------------+-------------------------+---------------+---------------------+----------------+------------------+--------+------------------+------------------------+------------------------+--------------+---------------+-----------------+-------+---------------------+--------------------+---------------+-----------------+-------------+
; counter_reset ; 2.5 V        ; 0 in              ; 0 H/in                  ; 0 F/in                  ; short         ; -                   ; open           ; open             ; open   ; 0 in             ; 0 H/in                 ; 0 F/in                 ; short        ; open          ; open            ; open  ; 0 V                 ; -                  ; n/a           ; n/a             ; n/a         ;
; p1            ; 2.5 V        ; 0 in              ; 0 H/in                  ; 0 F/in                  ; short         ; -                   ; open           ; open             ; open   ; 0 in             ; 0 H/in                 ; 0 F/in                 ; short        ; open          ; open            ; open  ; 0 V                 ; -                  ; n/a           ; n/a             ; n/a         ;
; p2            ; 2.5 V        ; 0 in              ; 0 H/in                  ; 0 F/in                  ; short         ; -                   ; open           ; open             ; open   ; 0 in             ; 0 H/in                 ; 0 F/in                 ; short        ; open          ; open            ; open  ; 0 V                 ; -                  ; n/a           ; n/a             ; n/a         ;
; p3            ; 2.5 V        ; 0 in              ; 0 H/in                  ; 0 F/in                  ; short         ; -                   ; open           ; open             ; open   ; 0 in             ; 0 H/in                 ; 0 F/in                 ; short        ; open          ; open            ; open  ; 0 V                 ; -                  ; n/a           ; n/a             ; n/a         ;
; p4            ; 2.5 V        ; 0 in              ; 0 H/in                  ; 0 F/in                  ; short         ; -                   ; open           ; open             ; open   ; 0 in             ; 0 H/in                 ; 0 F/in                 ; short        ; open          ; open            ; open  ; 0 V                 ; -                  ; n/a           ; n/a             ; n/a         ;
; p5            ; 2.5 V        ; 0 in              ; 0 H/in                  ; 0 F/in                  ; short         ; -                   ; open           ; open             ; open   ; 0 in             ; 0 H/in                 ; 0 F/in                 ; short        ; open          ; open            ; open  ; 0 V                 ; -                  ; n/a           ; n/a             ; n/a         ;
; ~ALTERA_DCLK~ ; 2.5 V        ; 0 in              ; 0 H/in                  ; 0 F/in                  ; short         ; -                   ; open           ; open             ; open   ; 0 in             ; 0 H/in                 ; 0 F/in                 ; short        ; open          ; open            ; open  ; 0 V                 ; -                  ; n/a           ; n/a             ; n/a         ;
; ~ALTERA_nCEO~ ; 2.5 V        ; 0 in              ; 0 H/in                  ; 0 F/in                  ; short         ; -                   ; open           ; open             ; open   ; 0 in             ; 0 H/in                 ; 0 F/in                 ; short        ; open          ; open            ; open  ; 0 V                 ; -                  ; n/a           ; n/a             ; n/a         ;
+---------------+--------------+-------------------+-------------------------+-------------------------+---------------+---------------------+----------------+------------------+--------+------------------+------------------------+------------------------+--------------+---------------+-----------------+-------+---------------------+--------------------+---------------+-----------------+-------------+


+----------------------------------------------------------------------------+
; Input Transition Times                                                     ;
+-------------------------+--------------+-----------------+-----------------+
; Pin                     ; I/O Standard ; 10-90 Rise Time ; 90-10 Fall Time ;
+-------------------------+--------------+-----------------+-----------------+
; clock                   ; 2.5 V        ; 2000 ps         ; 2000 ps         ;
; reset                   ; 2.5 V        ; 2000 ps         ; 2000 ps         ;
; phase[2]                ; 2.5 V        ; 2000 ps         ; 2000 ps         ;
; phase[3]                ; 2.5 V        ; 2000 ps         ; 2000 ps         ;
; phase[0]                ; 2.5 V        ; 2000 ps         ; 2000 ps         ;
; phase[1]                ; 2.5 V        ; 2000 ps         ; 2000 ps         ;
; exec                    ; 2.5 V        ; 2000 ps         ; 2000 ps         ;
; ~ALTERA_ASDO_DATA1~     ; 2.5 V        ; 2000 ps         ; 2000 ps         ;
; ~ALTERA_FLASH_nCE_nCSO~ ; 2.5 V        ; 2000 ps         ; 2000 ps         ;
; ~ALTERA_DATA0~          ; 2.5 V        ; 2000 ps         ; 2000 ps         ;
+-------------------------+--------------+-----------------+-----------------+


+--------------------------------------------------------------------------------------------------------------------------------------------------------------------------------------------------------------------------------------------------------------------------------------------------------------------------------------------------------------------------------------------------------------------------------------------------------------------------------------------------------------------------------------------------------------------------------------------------------------------------------------------------------------------------------------------+
; Signal Integrity Metrics (Slow 1200mv n40c Model)                                                                                                                                                                                                                                                                                                                                                                                                                                                                                                                                                                                                                                          ;
+---------------+--------------+---------------------+---------------------+------------------------------+------------------------------+---------------------+---------------------+--------------------------------------+--------------------------------------+-----------------------------+-----------------------------+----------------------------+----------------------------+-----------------------------+-----------------------------+--------------------+--------------------+-------------------------------------+-------------------------------------+----------------------------+----------------------------+---------------------------+---------------------------+
; Pin           ; I/O Standard ; Board Delay on Rise ; Board Delay on Fall ; Steady State Voh at FPGA Pin ; Steady State Vol at FPGA Pin ; Voh Max at FPGA Pin ; Vol Min at FPGA Pin ; Ringback Voltage on Rise at FPGA Pin ; Ringback Voltage on Fall at FPGA Pin ; 10-90 Rise Time at FPGA Pin ; 90-10 Fall Time at FPGA Pin ; Monotonic Rise at FPGA Pin ; Monotonic Fall at FPGA Pin ; Steady State Voh at Far-end ; Steady State Vol at Far-end ; Voh Max at Far-end ; Vol Min at Far-end ; Ringback Voltage on Rise at Far-end ; Ringback Voltage on Fall at Far-end ; 10-90 Rise Time at Far-end ; 90-10 Fall Time at Far-end ; Monotonic Rise at Far-end ; Monotonic Fall at Far-end ;
+---------------+--------------+---------------------+---------------------+------------------------------+------------------------------+---------------------+---------------------+--------------------------------------+--------------------------------------+-----------------------------+-----------------------------+----------------------------+----------------------------+-----------------------------+-----------------------------+--------------------+--------------------+-------------------------------------+-------------------------------------+----------------------------+----------------------------+---------------------------+---------------------------+
; counter_reset ; 2.5 V        ; 0 s                 ; 0 s                 ; 2.32 V                       ; 1.87e-09 V                   ; 2.41 V              ; -0.0441 V           ; 0.217 V                              ; 0.126 V                              ; 2.86e-10 s                  ; 3.07e-10 s                  ; Yes                        ; Yes                        ; 2.32 V                      ; 1.87e-09 V                  ; 2.41 V             ; -0.0441 V          ; 0.217 V                             ; 0.126 V                             ; 2.86e-10 s                 ; 3.07e-10 s                 ; Yes                       ; Yes                       ;
; p1            ; 2.5 V        ; 0 s                 ; 0 s                 ; 2.32 V                       ; 1.87e-09 V                   ; 2.34 V              ; -0.00659 V          ; 0.213 V                              ; 0.083 V                              ; 2.63e-09 s                  ; 2.52e-09 s                  ; No                         ; Yes                        ; 2.32 V                      ; 1.87e-09 V                  ; 2.34 V             ; -0.00659 V         ; 0.213 V                             ; 0.083 V                             ; 2.63e-09 s                 ; 2.52e-09 s                 ; No                        ; Yes                       ;
; p2            ; 2.5 V        ; 0 s                 ; 0 s                 ; 2.32 V                       ; 1.87e-09 V                   ; 2.41 V              ; -0.0441 V           ; 0.217 V                              ; 0.126 V                              ; 2.86e-10 s                  ; 3.07e-10 s                  ; Yes                        ; Yes                        ; 2.32 V                      ; 1.87e-09 V                  ; 2.41 V             ; -0.0441 V          ; 0.217 V                             ; 0.126 V                             ; 2.86e-10 s                 ; 3.07e-10 s                 ; Yes                       ; Yes                       ;
; p3            ; 2.5 V        ; 0 s                 ; 0 s                 ; 2.32 V                       ; 1.87e-09 V                   ; 2.34 V              ; -0.00659 V          ; 0.213 V                              ; 0.083 V                              ; 2.63e-09 s                  ; 2.52e-09 s                  ; No                         ; Yes                        ; 2.32 V                      ; 1.87e-09 V                  ; 2.34 V             ; -0.00659 V         ; 0.213 V                             ; 0.083 V                             ; 2.63e-09 s                 ; 2.52e-09 s                 ; No                        ; Yes                       ;
; p4            ; 2.5 V        ; 0 s                 ; 0 s                 ; 2.32 V                       ; 1.87e-09 V                   ; 2.41 V              ; -0.0441 V           ; 0.217 V                              ; 0.126 V                              ; 2.86e-10 s                  ; 3.07e-10 s                  ; Yes                        ; Yes                        ; 2.32 V                      ; 1.87e-09 V                  ; 2.41 V             ; -0.0441 V          ; 0.217 V                             ; 0.126 V                             ; 2.86e-10 s                 ; 3.07e-10 s                 ; Yes                       ; Yes                       ;
; p5            ; 2.5 V        ; 0 s                 ; 0 s                 ; 2.32 V                       ; 1.87e-09 V                   ; 2.41 V              ; -0.0441 V           ; 0.217 V                              ; 0.126 V                              ; 2.86e-10 s                  ; 3.07e-10 s                  ; Yes                        ; Yes                        ; 2.32 V                      ; 1.87e-09 V                  ; 2.41 V             ; -0.0441 V          ; 0.217 V                             ; 0.126 V                             ; 2.86e-10 s                 ; 3.07e-10 s                 ; Yes                       ; Yes                       ;
; ~ALTERA_DCLK~ ; 2.5 V        ; 0 s                 ; 0 s                 ; 2.32 V                       ; 1.16e-09 V                   ; 2.39 V              ; -0.0374 V           ; 0.127 V                              ; 0.051 V                              ; 4.57e-10 s                  ; 3.66e-10 s                  ; No                         ; Yes                        ; 2.32 V                      ; 1.16e-09 V                  ; 2.39 V             ; -0.0374 V          ; 0.127 V                             ; 0.051 V                             ; 4.57e-10 s                 ; 3.66e-10 s                 ; No                        ; Yes                       ;
; ~ALTERA_nCEO~ ; 2.5 V        ; 0 s                 ; 0 s                 ; 2.32 V                       ; 1.76e-09 V                   ; 2.38 V              ; -0.00636 V          ; 0.233 V                              ; 0.017 V                              ; 5.26e-10 s                  ; 7.33e-10 s                  ; No                         ; Yes                        ; 2.32 V                      ; 1.76e-09 V                  ; 2.38 V             ; -0.00636 V         ; 0.233 V                             ; 0.017 V                             ; 5.26e-10 s                 ; 7.33e-10 s                 ; No                        ; Yes                       ;
+---------------+--------------+---------------------+---------------------+------------------------------+------------------------------+---------------------+---------------------+--------------------------------------+--------------------------------------+-----------------------------+-----------------------------+----------------------------+----------------------------+-----------------------------+-----------------------------+--------------------+--------------------+-------------------------------------+-------------------------------------+----------------------------+----------------------------+---------------------------+---------------------------+


+--------------------------------------------------------------------------------------------------------------------------------------------------------------------------------------------------------------------------------------------------------------------------------------------------------------------------------------------------------------------------------------------------------------------------------------------------------------------------------------------------------------------------------------------------------------------------------------------------------------------------------------------------------------------------------------------+
; Signal Integrity Metrics (Slow 1200mv 100c Model)                                                                                                                                                                                                                                                                                                                                                                                                                                                                                                                                                                                                                                          ;
+---------------+--------------+---------------------+---------------------+------------------------------+------------------------------+---------------------+---------------------+--------------------------------------+--------------------------------------+-----------------------------+-----------------------------+----------------------------+----------------------------+-----------------------------+-----------------------------+--------------------+--------------------+-------------------------------------+-------------------------------------+----------------------------+----------------------------+---------------------------+---------------------------+
; Pin           ; I/O Standard ; Board Delay on Rise ; Board Delay on Fall ; Steady State Voh at FPGA Pin ; Steady State Vol at FPGA Pin ; Voh Max at FPGA Pin ; Vol Min at FPGA Pin ; Ringback Voltage on Rise at FPGA Pin ; Ringback Voltage on Fall at FPGA Pin ; 10-90 Rise Time at FPGA Pin ; 90-10 Fall Time at FPGA Pin ; Monotonic Rise at FPGA Pin ; Monotonic Fall at FPGA Pin ; Steady State Voh at Far-end ; Steady State Vol at Far-end ; Voh Max at Far-end ; Vol Min at Far-end ; Ringback Voltage on Rise at Far-end ; Ringback Voltage on Fall at Far-end ; 10-90 Rise Time at Far-end ; 90-10 Fall Time at Far-end ; Monotonic Rise at Far-end ; Monotonic Fall at Far-end ;
+---------------+--------------+---------------------+---------------------+------------------------------+------------------------------+---------------------+---------------------+--------------------------------------+--------------------------------------+-----------------------------+-----------------------------+----------------------------+----------------------------+-----------------------------+-----------------------------+--------------------+--------------------+-------------------------------------+-------------------------------------+----------------------------+----------------------------+---------------------------+---------------------------+
; counter_reset ; 2.5 V        ; 0 s                 ; 0 s                 ; 2.32 V                       ; 1.46e-06 V                   ; 2.35 V              ; -0.00264 V          ; 0.14 V                               ; 0.006 V                              ; 4.74e-10 s                  ; 4.84e-10 s                  ; Yes                        ; Yes                        ; 2.32 V                      ; 1.46e-06 V                  ; 2.35 V             ; -0.00264 V         ; 0.14 V                              ; 0.006 V                             ; 4.74e-10 s                 ; 4.84e-10 s                 ; Yes                       ; Yes                       ;
; p1            ; 2.5 V        ; 0 s                 ; 0 s                 ; 2.32 V                       ; 1.46e-06 V                   ; 2.33 V              ; -0.00235 V          ; 0.099 V                              ; 0.059 V                              ; 3.61e-09 s                  ; 3.5e-09 s                   ; Yes                        ; Yes                        ; 2.32 V                      ; 1.46e-06 V                  ; 2.33 V             ; -0.00235 V         ; 0.099 V                             ; 0.059 V                             ; 3.61e-09 s                 ; 3.5e-09 s                  ; Yes                       ; Yes                       ;
; p2            ; 2.5 V        ; 0 s                 ; 0 s                 ; 2.32 V                       ; 1.46e-06 V                   ; 2.35 V              ; -0.00264 V          ; 0.14 V                               ; 0.006 V                              ; 4.74e-10 s                  ; 4.84e-10 s                  ; Yes                        ; Yes                        ; 2.32 V                      ; 1.46e-06 V                  ; 2.35 V             ; -0.00264 V         ; 0.14 V                              ; 0.006 V                             ; 4.74e-10 s                 ; 4.84e-10 s                 ; Yes                       ; Yes                       ;
; p3            ; 2.5 V        ; 0 s                 ; 0 s                 ; 2.32 V                       ; 1.46e-06 V                   ; 2.33 V              ; -0.00235 V          ; 0.099 V                              ; 0.059 V                              ; 3.61e-09 s                  ; 3.5e-09 s                   ; Yes                        ; Yes                        ; 2.32 V                      ; 1.46e-06 V                  ; 2.33 V             ; -0.00235 V         ; 0.099 V                             ; 0.059 V                             ; 3.61e-09 s                 ; 3.5e-09 s                  ; Yes                       ; Yes                       ;
; p4            ; 2.5 V        ; 0 s                 ; 0 s                 ; 2.32 V                       ; 1.46e-06 V                   ; 2.35 V              ; -0.00264 V          ; 0.14 V                               ; 0.006 V                              ; 4.74e-10 s                  ; 4.84e-10 s                  ; Yes                        ; Yes                        ; 2.32 V                      ; 1.46e-06 V                  ; 2.35 V             ; -0.00264 V         ; 0.14 V                              ; 0.006 V                             ; 4.74e-10 s                 ; 4.84e-10 s                 ; Yes                       ; Yes                       ;
; p5            ; 2.5 V        ; 0 s                 ; 0 s                 ; 2.32 V                       ; 1.46e-06 V                   ; 2.35 V              ; -0.00264 V          ; 0.14 V                               ; 0.006 V                              ; 4.74e-10 s                  ; 4.84e-10 s                  ; Yes                        ; Yes                        ; 2.32 V                      ; 1.46e-06 V                  ; 2.35 V             ; -0.00264 V         ; 0.14 V                              ; 0.006 V                             ; 4.74e-10 s                 ; 4.84e-10 s                 ; Yes                       ; Yes                       ;
; ~ALTERA_DCLK~ ; 2.5 V        ; 0 s                 ; 0 s                 ; 2.32 V                       ; 7.67e-07 V                   ; 2.34 V              ; -0.00744 V          ; 0.095 V                              ; 0.013 V                              ; 6.35e-10 s                  ; 5.33e-10 s                  ; Yes                        ; Yes                        ; 2.32 V                      ; 7.67e-07 V                  ; 2.34 V             ; -0.00744 V         ; 0.095 V                             ; 0.013 V                             ; 6.35e-10 s                 ; 5.33e-10 s                 ; Yes                       ; Yes                       ;
; ~ALTERA_nCEO~ ; 2.5 V        ; 0 s                 ; 0 s                 ; 2.32 V                       ; 1.27e-06 V                   ; 2.34 V              ; -0.00327 V          ; 0.11 V                               ; 0.03 V                               ; 8.38e-10 s                  ; 1.07e-09 s                  ; Yes                        ; Yes                        ; 2.32 V                      ; 1.27e-06 V                  ; 2.34 V             ; -0.00327 V         ; 0.11 V                              ; 0.03 V                              ; 8.38e-10 s                 ; 1.07e-09 s                 ; Yes                       ; Yes                       ;
+---------------+--------------+---------------------+---------------------+------------------------------+------------------------------+---------------------+---------------------+--------------------------------------+--------------------------------------+-----------------------------+-----------------------------+----------------------------+----------------------------+-----------------------------+-----------------------------+--------------------+--------------------+-------------------------------------+-------------------------------------+----------------------------+----------------------------+---------------------------+---------------------------+


+--------------------------------------------------------------------------------------------------------------------------------------------------------------------------------------------------------------------------------------------------------------------------------------------------------------------------------------------------------------------------------------------------------------------------------------------------------------------------------------------------------------------------------------------------------------------------------------------------------------------------------------------------------------------------------------------+
; Signal Integrity Metrics (Fast 1200mv n40c Model)                                                                                                                                                                                                                                                                                                                                                                                                                                                                                                                                                                                                                                          ;
+---------------+--------------+---------------------+---------------------+------------------------------+------------------------------+---------------------+---------------------+--------------------------------------+--------------------------------------+-----------------------------+-----------------------------+----------------------------+----------------------------+-----------------------------+-----------------------------+--------------------+--------------------+-------------------------------------+-------------------------------------+----------------------------+----------------------------+---------------------------+---------------------------+
; Pin           ; I/O Standard ; Board Delay on Rise ; Board Delay on Fall ; Steady State Voh at FPGA Pin ; Steady State Vol at FPGA Pin ; Voh Max at FPGA Pin ; Vol Min at FPGA Pin ; Ringback Voltage on Rise at FPGA Pin ; Ringback Voltage on Fall at FPGA Pin ; 10-90 Rise Time at FPGA Pin ; 90-10 Fall Time at FPGA Pin ; Monotonic Rise at FPGA Pin ; Monotonic Fall at FPGA Pin ; Steady State Voh at Far-end ; Steady State Vol at Far-end ; Voh Max at Far-end ; Vol Min at Far-end ; Ringback Voltage on Rise at Far-end ; Ringback Voltage on Fall at Far-end ; 10-90 Rise Time at Far-end ; 90-10 Fall Time at Far-end ; Monotonic Rise at Far-end ; Monotonic Fall at Far-end ;
+---------------+--------------+---------------------+---------------------+------------------------------+------------------------------+---------------------+---------------------+--------------------------------------+--------------------------------------+-----------------------------+-----------------------------+----------------------------+----------------------------+-----------------------------+-----------------------------+--------------------+--------------------+-------------------------------------+-------------------------------------+----------------------------+----------------------------+---------------------------+---------------------------+
; counter_reset ; 2.5 V        ; 0 s                 ; 0 s                 ; 2.62 V                       ; 3.46e-09 V                   ; 2.76 V              ; -0.079 V            ; 0.178 V                              ; 0.111 V                              ; 2.58e-10 s                  ; 2.54e-10 s                  ; Yes                        ; Yes                        ; 2.62 V                      ; 3.46e-09 V                  ; 2.76 V             ; -0.079 V           ; 0.178 V                             ; 0.111 V                             ; 2.58e-10 s                 ; 2.54e-10 s                 ; Yes                       ; Yes                       ;
; p1            ; 2.5 V        ; 0 s                 ; 0 s                 ; 2.62 V                       ; 3.46e-09 V                   ; 2.65 V              ; -0.0145 V           ; 0.213 V                              ; 0.199 V                              ; 2.16e-09 s                  ; 2.07e-09 s                  ; No                         ; Yes                        ; 2.62 V                      ; 3.46e-09 V                  ; 2.65 V             ; -0.0145 V          ; 0.213 V                             ; 0.199 V                             ; 2.16e-09 s                 ; 2.07e-09 s                 ; No                        ; Yes                       ;
; p2            ; 2.5 V        ; 0 s                 ; 0 s                 ; 2.62 V                       ; 3.46e-09 V                   ; 2.76 V              ; -0.079 V            ; 0.178 V                              ; 0.111 V                              ; 2.58e-10 s                  ; 2.54e-10 s                  ; Yes                        ; Yes                        ; 2.62 V                      ; 3.46e-09 V                  ; 2.76 V             ; -0.079 V           ; 0.178 V                             ; 0.111 V                             ; 2.58e-10 s                 ; 2.54e-10 s                 ; Yes                       ; Yes                       ;
; p3            ; 2.5 V        ; 0 s                 ; 0 s                 ; 2.62 V                       ; 3.46e-09 V                   ; 2.65 V              ; -0.0145 V           ; 0.213 V                              ; 0.199 V                              ; 2.16e-09 s                  ; 2.07e-09 s                  ; No                         ; Yes                        ; 2.62 V                      ; 3.46e-09 V                  ; 2.65 V             ; -0.0145 V          ; 0.213 V                             ; 0.199 V                             ; 2.16e-09 s                 ; 2.07e-09 s                 ; No                        ; Yes                       ;
; p4            ; 2.5 V        ; 0 s                 ; 0 s                 ; 2.62 V                       ; 3.46e-09 V                   ; 2.76 V              ; -0.079 V            ; 0.178 V                              ; 0.111 V                              ; 2.58e-10 s                  ; 2.54e-10 s                  ; Yes                        ; Yes                        ; 2.62 V                      ; 3.46e-09 V                  ; 2.76 V             ; -0.079 V           ; 0.178 V                             ; 0.111 V                             ; 2.58e-10 s                 ; 2.54e-10 s                 ; Yes                       ; Yes                       ;
; p5            ; 2.5 V        ; 0 s                 ; 0 s                 ; 2.62 V                       ; 3.46e-09 V                   ; 2.76 V              ; -0.079 V            ; 0.178 V                              ; 0.111 V                              ; 2.58e-10 s                  ; 2.54e-10 s                  ; Yes                        ; Yes                        ; 2.62 V                      ; 3.46e-09 V                  ; 2.76 V             ; -0.079 V           ; 0.178 V                             ; 0.111 V                             ; 2.58e-10 s                 ; 2.54e-10 s                 ; Yes                       ; Yes                       ;
; ~ALTERA_DCLK~ ; 2.5 V        ; 0 s                 ; 0 s                 ; 2.62 V                       ; 2e-09 V                      ; 2.74 V              ; -0.103 V            ; 0.233 V                              ; 0.159 V                              ; 2.85e-10 s                  ; 2.77e-10 s                  ; Yes                        ; Yes                        ; 2.62 V                      ; 2e-09 V                     ; 2.74 V             ; -0.103 V           ; 0.233 V                             ; 0.159 V                             ; 2.85e-10 s                 ; 2.77e-10 s                 ; Yes                       ; Yes                       ;
; ~ALTERA_nCEO~ ; 2.5 V        ; 0 s                 ; 0 s                 ; 2.62 V                       ; 3.09e-09 V                   ; 2.72 V              ; -0.0273 V           ; 0.18 V                               ; 0.08 V                               ; 4.67e-10 s                  ; 6.1e-10 s                   ; No                         ; Yes                        ; 2.62 V                      ; 3.09e-09 V                  ; 2.72 V             ; -0.0273 V          ; 0.18 V                              ; 0.08 V                              ; 4.67e-10 s                 ; 6.1e-10 s                  ; No                        ; Yes                       ;
+---------------+--------------+---------------------+---------------------+------------------------------+------------------------------+---------------------+---------------------+--------------------------------------+--------------------------------------+-----------------------------+-----------------------------+----------------------------+----------------------------+-----------------------------+-----------------------------+--------------------+--------------------+-------------------------------------+-------------------------------------+----------------------------+----------------------------+---------------------------+---------------------------+


+-------------------------------------------------------------------+
; Setup Transfers                                                   ;
+------------+----------+----------+----------+----------+----------+
; From Clock ; To Clock ; RR Paths ; FR Paths ; RF Paths ; FF Paths ;
+------------+----------+----------+----------+----------+----------+
; exec       ; exec     ; 0        ; 0        ; 1        ; 2        ;
; reset      ; exec     ; 0        ; 0        ; 1        ; 0        ;
; exec       ; reset    ; 0        ; 1        ; 0        ; 0        ;
+------------+----------+----------+----------+----------+----------+
Entries labeled "false path" only account for clock-to-clock false paths and not path-based false paths. As a result, actual path counts may be lower than reported.


+-------------------------------------------------------------------+
; Hold Transfers                                                    ;
+------------+----------+----------+----------+----------+----------+
; From Clock ; To Clock ; RR Paths ; FR Paths ; RF Paths ; FF Paths ;
+------------+----------+----------+----------+----------+----------+
; exec       ; exec     ; 0        ; 0        ; 1        ; 2        ;
; reset      ; exec     ; 0        ; 0        ; 1        ; 0        ;
; exec       ; reset    ; 0        ; 1        ; 0        ; 0        ;
+------------+----------+----------+----------+----------+----------+
Entries labeled "false path" only account for clock-to-clock false paths and not path-based false paths. As a result, actual path counts may be lower than reported.


+-------------------------------------------------------------------+
; Recovery Transfers                                                ;
+------------+----------+----------+----------+----------+----------+
; From Clock ; To Clock ; RR Paths ; FR Paths ; RF Paths ; FF Paths ;
+------------+----------+----------+----------+----------+----------+
; exec       ; reset    ; 1        ; 1        ; 0        ; 0        ;
+------------+----------+----------+----------+----------+----------+
Entries labeled "false path" only account for clock-to-clock false paths and not path-based false paths. As a result, actual path counts may be lower than reported.


+-------------------------------------------------------------------+
; Removal Transfers                                                 ;
+------------+----------+----------+----------+----------+----------+
; From Clock ; To Clock ; RR Paths ; FR Paths ; RF Paths ; FF Paths ;
+------------+----------+----------+----------+----------+----------+
; exec       ; reset    ; 1        ; 1        ; 0        ; 0        ;
+------------+----------+----------+----------+----------+----------+
Entries labeled "false path" only account for clock-to-clock false paths and not path-based false paths. As a result, actual path counts may be lower than reported.


---------------
; Report TCCS ;
---------------
No dedicated SERDES Transmitter circuitry present in device or used in design


---------------
; Report RSKM ;
---------------
No non-DPA dedicated SERDES Receiver circuitry present in device or used in design


+------------------------------------------------+
; Unconstrained Paths Summary                    ;
+---------------------------------+-------+------+
; Property                        ; Setup ; Hold ;
+---------------------------------+-------+------+
; Illegal Clocks                  ; 0     ; 0    ;
; Unconstrained Clocks            ; 0     ; 0    ;
; Unconstrained Input Ports       ; 6     ; 6    ;
; Unconstrained Input Port Paths  ; 26    ; 26   ;
; Unconstrained Output Ports      ; 6     ; 6    ;
; Unconstrained Output Port Paths ; 36    ; 36   ;
+---------------------------------+-------+------+


+-------------------------------------+
; Clock Status Summary                ;
+--------+-------+------+-------------+
; Target ; Clock ; Type ; Status      ;
+--------+-------+------+-------------+
; exec   ; exec  ; Base ; Constrained ;
; reset  ; reset ; Base ; Constrained ;
+--------+-------+------+-------------+


+---------------------------------------------------------------------------------------------------+
; Unconstrained Input Ports                                                                         ;
+------------+--------------------------------------------------------------------------------------+
; Input Port ; Comment                                                                              ;
+------------+--------------------------------------------------------------------------------------+
; exec       ; No input delay, min/max delays, false-path exceptions, or max skew assignments found ;
; phase[0]   ; No input delay, min/max delays, false-path exceptions, or max skew assignments found ;
; phase[1]   ; No input delay, min/max delays, false-path exceptions, or max skew assignments found ;
; phase[2]   ; No input delay, min/max delays, false-path exceptions, or max skew assignments found ;
; phase[3]   ; No input delay, min/max delays, false-path exceptions, or max skew assignments found ;
; reset      ; No input delay, min/max delays, false-path exceptions, or max skew assignments found ;
+------------+--------------------------------------------------------------------------------------+


+-------------------------------------------------------------------------------------------------------+
; Unconstrained Output Ports                                                                            ;
+---------------+---------------------------------------------------------------------------------------+
; Output Port   ; Comment                                                                               ;
+---------------+---------------------------------------------------------------------------------------+
; counter_reset ; No output delay, min/max delays, false-path exceptions, or max skew assignments found ;
; p1            ; No output delay, min/max delays, false-path exceptions, or max skew assignments found ;
; p2            ; No output delay, min/max delays, false-path exceptions, or max skew assignments found ;
; p3            ; No output delay, min/max delays, false-path exceptions, or max skew assignments found ;
; p4            ; No output delay, min/max delays, false-path exceptions, or max skew assignments found ;
; p5            ; No output delay, min/max delays, false-path exceptions, or max skew assignments found ;
+---------------+---------------------------------------------------------------------------------------+


+---------------------------------------------------------------------------------------------------+
; Unconstrained Input Ports                                                                         ;
+------------+--------------------------------------------------------------------------------------+
; Input Port ; Comment                                                                              ;
+------------+--------------------------------------------------------------------------------------+
; exec       ; No input delay, min/max delays, false-path exceptions, or max skew assignments found ;
; phase[0]   ; No input delay, min/max delays, false-path exceptions, or max skew assignments found ;
; phase[1]   ; No input delay, min/max delays, false-path exceptions, or max skew assignments found ;
; phase[2]   ; No input delay, min/max delays, false-path exceptions, or max skew assignments found ;
; phase[3]   ; No input delay, min/max delays, false-path exceptions, or max skew assignments found ;
; reset      ; No input delay, min/max delays, false-path exceptions, or max skew assignments found ;
+------------+--------------------------------------------------------------------------------------+


+-------------------------------------------------------------------------------------------------------+
; Unconstrained Output Ports                                                                            ;
+---------------+---------------------------------------------------------------------------------------+
; Output Port   ; Comment                                                                               ;
+---------------+---------------------------------------------------------------------------------------+
; counter_reset ; No output delay, min/max delays, false-path exceptions, or max skew assignments found ;
; p1            ; No output delay, min/max delays, false-path exceptions, or max skew assignments found ;
; p2            ; No output delay, min/max delays, false-path exceptions, or max skew assignments found ;
; p3            ; No output delay, min/max delays, false-path exceptions, or max skew assignments found ;
; p4            ; No output delay, min/max delays, false-path exceptions, or max skew assignments found ;
; p5            ; No output delay, min/max delays, false-path exceptions, or max skew assignments found ;
+---------------+---------------------------------------------------------------------------------------+


+------------------------------------+
; TimeQuest Timing Analyzer Messages ;
+------------------------------------+
Info: *******************************************************************
Info: Running Quartus Prime TimeQuest Timing Analyzer
    Info: Version 17.1.0 Build 590 10/25/2017 SJ Standard Edition
    Info: Processing started: Fri Apr 20 13:17:51 2018
Info: Command: quartus_sta control_unit -c control_unit
Info: qsta_default_script.tcl version: #3
Warning (18236): Number of processors has not been specified which may cause overloading on shared machines.  Set the global assignment NUM_PARALLEL_PROCESSORS in your QSF to an appropriate value for best performance.
Info (20030): Parallel compilation is enabled and will use 4 of the 4 processors detected
Info (21077): Low junction temperature is -40 degrees C
Info (21077): High junction temperature is 100 degrees C
Warning (335093): TimeQuest Timing Analyzer is analyzing 1 combinational loops as latches. For more details, run the Check Timing command in the TimeQuest Timing Analyzer or view the "User-Specified and Inferred Latches" table in the Analysis & Synthesis report.
Critical Warning (332012): Synopsys Design Constraints File file not found: 'control_unit.sdc'. A Synopsys Design Constraints File is required by the TimeQuest Timing Analyzer to get proper timing constraints. Without it, the Compiler will not properly optimize the design.
Info (332142): No user constrained base clocks found in the design. Calling "derive_clocks -period 1.0"
Info (332105): Deriving Clocks
    Info (332105): create_clock -period 1.000 -name reset reset
    Info (332105): create_clock -period 1.000 -name exec exec
Warning (332125): Found combinational loop of 2 nodes File: /export/home/016/a0165336/project/SIMPLE/control_unit/control_unit.v Line: 7
    Warning (332126): Node "running~2|combout"
    Warning (332126): Node "running~2|dataa"
Info (332143): No user constrained clock uncertainty found in the design. Calling "derive_clock_uncertainty"
Info (332123): Deriving Clock Uncertainty. Please refer to report_sdc in TimeQuest to see clock uncertainties.
Info: Found TIMEQUEST_REPORT_SCRIPT_INCLUDE_DEFAULT_ANALYSIS = ON
Info: Analyzing Slow 1200mV 100C Model
Critical Warning (332148): Timing requirements not met
    Info (11105): For recommendations on closing timing, run Report Timing Closure Recommendations in the TimeQuest Timing Analyzer.
Info (332146): Worst-case setup slack is -2.513
    Info (332119):     Slack       End Point TNS Clock 
    Info (332119): ========= =================== =====================
    Info (332119):    -2.513              -2.513 exec 
    Info (332119):    -0.059              -0.059 reset 
Info (332146): Worst-case hold slack is 0.652
    Info (332119):     Slack       End Point TNS Clock 
    Info (332119): ========= =================== =====================
    Info (332119):     0.652               0.000 reset 
    Info (332119):     1.147               0.000 exec 
Info (332146): Worst-case recovery slack is -1.283
    Info (332119):     Slack       End Point TNS Clock 
    Info (332119): ========= =================== =====================
    Info (332119):    -1.283              -1.283 reset 
Info (332146): Worst-case removal slack is 1.178
    Info (332119):     Slack       End Point TNS Clock 
    Info (332119): ========= =================== =====================
    Info (332119):     1.178               0.000 reset 
Info (332146): Worst-case minimum pulse width slack is -3.000
    Info (332119):     Slack       End Point TNS Clock 
    Info (332119): ========= =================== =====================
    Info (332119):    -3.000              -4.285 reset 
    Info (332119):    -3.000              -3.000 exec 
Info: Analyzing Slow 1200mV -40C Model
Info (334003): Started post-fitting delay annotation
Info (334004): Delay annotation completed successfully
Info (332123): Deriving Clock Uncertainty. Please refer to report_sdc in TimeQuest to see clock uncertainties.
Critical Warning (332148): Timing requirements not met
    Info (11105): For recommendations on closing timing, run Report Timing Closure Recommendations in the TimeQuest Timing Analyzer.
Info (332146): Worst-case setup slack is -2.261
    Info (332119):     Slack       End Point TNS Clock 
    Info (332119): ========= =================== =====================
    Info (332119):    -2.261              -2.261 exec 
    Info (332119):     0.082               0.000 reset 
Info (332146): Worst-case hold slack is 0.544
    Info (332119):     Slack       End Point TNS Clock 
    Info (332119): ========= =================== =====================
    Info (332119):     0.544               0.000 reset 
    Info (332119):     0.962               0.000 exec 
Info (332146): Worst-case recovery slack is -0.944
    Info (332119):     Slack       End Point TNS Clock 
    Info (332119): ========= =================== =====================
    Info (332119):    -0.944              -0.944 reset 
Info (332146): Worst-case removal slack is 1.069
    Info (332119):     Slack       End Point TNS Clock 
    Info (332119): ========= =================== =====================
    Info (332119):     1.069               0.000 reset 
Info (332146): Worst-case minimum pulse width slack is -3.000
    Info (332119):     Slack       End Point TNS Clock 
    Info (332119): ========= =================== =====================
    Info (332119):    -3.000              -4.285 reset 
    Info (332119):    -3.000              -3.000 exec 
Info: Analyzing Fast 1200mV -40C Model
Info (332123): Deriving Clock Uncertainty. Please refer to report_sdc in TimeQuest to see clock uncertainties.
Critical Warning (332148): Timing requirements not met
    Info (11105): For recommendations on closing timing, run Report Timing Closure Recommendations in the TimeQuest Timing Analyzer.
Info (332146): Worst-case setup slack is -0.520
    Info (332119):     Slack       End Point TNS Clock 
    Info (332119): ========= =================== =====================
    Info (332119):    -0.520              -0.520 exec 
    Info (332119):    -0.151              -0.151 reset 
Info (332146): Worst-case hold slack is 0.522
    Info (332119):     Slack       End Point TNS Clock 
    Info (332119): ========= =================== =====================
    Info (332119):     0.522               0.000 exec 
    Info (332119):     0.911               0.000 reset 
Info (332146): Worst-case recovery slack is -0.859
    Info (332119):     Slack       End Point TNS Clock 
    Info (332119): ========= =================== =====================
    Info (332119):    -0.859              -0.859 reset 
Info (332146): Worst-case removal slack is 0.592
    Info (332119):     Slack       End Point TNS Clock 
    Info (332119): ========= =================== =====================
    Info (332119):     0.592               0.000 reset 
Info (332146): Worst-case minimum pulse width slack is -3.000
    Info (332119):     Slack       End Point TNS Clock 
    Info (332119): ========= =================== =====================
    Info (332119):    -3.000              -4.093 reset 
    Info (332119):    -3.000              -3.000 exec 
Info (332102): Design is not fully constrained for setup requirements
Info (332102): Design is not fully constrained for hold requirements
Info: Quartus Prime TimeQuest Timing Analyzer was successful. 0 errors, 9 warnings
    Info: Peak virtual memory: 932 megabytes
    Info: Processing ended: Fri Apr 20 13:17:53 2018
    Info: Elapsed time: 00:00:02
    Info: Total CPU time (on all processors): 00:00:01


