Flow report for processor_p3
Fri Apr 27 19:30:20 2018
Quartus Prime Version 17.1.0 Build 590 10/25/2017 SJ Standard Edition


---------------------
; Table of Contents ;
---------------------
  1. Legal Notice
  2. Flow Summary
  3. Flow Settings
  4. Flow Non-Default Global Settings
  5. Flow Elapsed Time
  6. Flow OS Summary
  7. Flow Log
  8. Flow Messages
  9. Flow Suppressed Messages



----------------
; Legal Notice ;
----------------
Copyright (C) 2017  Intel Corporation. All rights reserved.
Your use of Intel Corporation's design tools, logic functions 
and other software and tools, and its AMPP partner logic 
functions, and any output files from any of the foregoing 
(including device programming or simulation files), and any 
associated documentation or information are expressly subject 
to the terms and conditions of the Intel Program License 
Subscription Agreement, the Intel Quartus Prime License Agreement,
the Intel FPGA IP License Agreement, or other applicable license
agreement, including, without limitation, that your use is for
the sole purpose of programming logic devices manufactured by
Intel and sold by Intel or its authorized distributors.  Please
refer to the applicable agreement for further details.



+--------------------------------------------------------------------------------------+
; Flow Summary                                                                         ;
+------------------------------------+-------------------------------------------------+
; Flow Status                        ; Successful - Fri Apr 27 19:30:20 2018           ;
; Quartus Prime Version              ; 17.1.0 Build 590 10/25/2017 SJ Standard Edition ;
; Revision Name                      ; processor_p3                                    ;
; Top-level Entity Name              ; processor_p3                                    ;
; Family                             ; Cyclone IV E                                    ;
; Device                             ; EP4CE30F23I7                                    ;
; Timing Models                      ; Final                                           ;
; Total logic elements               ; 632 / 28,848 ( 2 % )                            ;
;     Total combinational functions  ; 630 / 28,848 ( 2 % )                            ;
;     Dedicated logic registers      ; 36 / 28,848 ( < 1 % )                           ;
; Total registers                    ; 36                                              ;
; Total pins                         ; 129 / 329 ( 39 % )                              ;
; Total virtual pins                 ; 0                                               ;
; Total memory bits                  ; 0 / 608,256 ( 0 % )                             ;
; Embedded Multiplier 9-bit elements ; 0 / 132 ( 0 % )                                 ;
; Total PLLs                         ; 0 / 4 ( 0 % )                                   ;
+------------------------------------+-------------------------------------------------+


+-----------------------------------------+
; Flow Settings                           ;
+-------------------+---------------------+
; Option            ; Setting             ;
+-------------------+---------------------+
; Start date & time ; 04/27/2018 19:29:52 ;
; Main task         ; Compilation         ;
; Revision Name     ; processor_p3        ;
+-------------------+---------------------+


+---------------------------------------------------------------------------------------------------------------------------------+
; Flow Non-Default Global Settings                                                                                                ;
+--------------------------------------+-------------------------------------------+---------------+-------------+----------------+
; Assignment Name                      ; Value                                     ; Default Value ; Entity Name ; Section Id     ;
+--------------------------------------+-------------------------------------------+---------------+-------------+----------------+
; COMPILER_SIGNATURE_ID                ; 158445889771549.152482499216878           ; --            ; --          ; --             ;
; EDA_DESIGN_INSTANCE_NAME             ; NA                                        ; --            ; --          ; teat1          ;
; EDA_NATIVELINK_SIMULATION_TEST_BENCH ; teat1                                     ; --            ; --          ; eda_simulation ;
; EDA_OUTPUT_DATA_FORMAT               ; Verilog Hdl                               ; --            ; --          ; eda_simulation ;
; EDA_SIMULATION_TOOL                  ; ModelSim-Altera (Verilog)                 ; <None>        ; --          ; --             ;
; EDA_TEST_BENCH_ENABLE_STATUS         ; TEST_BENCH_MODE                           ; --            ; --          ; eda_simulation ;
; EDA_TEST_BENCH_FILE                  ; simulation/modelsim/processor_p3_test1.vt ; --            ; --          ; teat1          ;
; EDA_TEST_BENCH_MODULE_NAME           ; teat1                                     ; --            ; --          ; teat1          ;
; EDA_TEST_BENCH_NAME                  ; teat1                                     ; --            ; --          ; eda_simulation ;
; EDA_TIME_SCALE                       ; 1 ps                                      ; --            ; --          ; eda_simulation ;
; MAX_CORE_JUNCTION_TEMP               ; 100                                       ; --            ; --          ; --             ;
; MIN_CORE_JUNCTION_TEMP               ; -40                                       ; --            ; --          ; --             ;
; NOMINAL_CORE_SUPPLY_VOLTAGE          ; 1.2V                                      ; --            ; --          ; --             ;
; PARTITION_COLOR                      ; -- (Not supported for targeted family)    ; --            ; --          ; Top            ;
; PARTITION_FITTER_PRESERVATION_LEVEL  ; -- (Not supported for targeted family)    ; --            ; --          ; Top            ;
; PARTITION_NETLIST_TYPE               ; -- (Not supported for targeted family)    ; --            ; --          ; Top            ;
; POWER_BOARD_THERMAL_MODEL            ; None (CONSERVATIVE)                       ; --            ; --          ; --             ;
; POWER_PRESET_COOLING_SOLUTION        ; 23 MM HEAT SINK WITH 200 LFPM AIRFLOW     ; --            ; --          ; --             ;
; PROJECT_OUTPUT_DIRECTORY             ; output_files                              ; --            ; --          ; --             ;
+--------------------------------------+-------------------------------------------+---------------+-------------+----------------+


+-------------------------------------------------------------------------------------------------------------------------------+
; Flow Elapsed Time                                                                                                             ;
+---------------------------+--------------+-------------------------+---------------------+------------------------------------+
; Module Name               ; Elapsed Time ; Average Processors Used ; Peak Virtual Memory ; Total CPU Time (on all processors) ;
+---------------------------+--------------+-------------------------+---------------------+------------------------------------+
; Analysis & Synthesis      ; 00:00:11     ; 1.0                     ; 1024 MB             ; 00:00:23                           ;
; Fitter                    ; 00:00:09     ; 1.0                     ; 1659 MB             ; 00:00:13                           ;
; Assembler                 ; 00:00:02     ; 1.0                     ; 903 MB              ; 00:00:01                           ;
; TimeQuest Timing Analyzer ; 00:00:03     ; 1.1                     ; 948 MB              ; 00:00:02                           ;
; EDA Netlist Writer        ; 00:00:02     ; 1.0                     ; 1148 MB             ; 00:00:01                           ;
; Total                     ; 00:00:27     ; --                      ; --                  ; 00:00:40                           ;
+---------------------------+--------------+-------------------------+---------------------+------------------------------------+


+---------------------------------------------------------------------------------------------+
; Flow OS Summary                                                                             ;
+---------------------------+------------------+----------------+------------+----------------+
; Module Name               ; Machine Hostname ; OS Name        ; OS Version ; Processor type ;
+---------------------------+------------------+----------------+------------+----------------+
; Analysis & Synthesis      ; ws39             ; Ubuntu 16.04.3 ; 16         ; x86_64         ;
; Fitter                    ; ws39             ; Ubuntu 16.04.3 ; 16         ; x86_64         ;
; Assembler                 ; ws39             ; Ubuntu 16.04.3 ; 16         ; x86_64         ;
; TimeQuest Timing Analyzer ; ws39             ; Ubuntu 16.04.3 ; 16         ; x86_64         ;
; EDA Netlist Writer        ; ws39             ; Ubuntu 16.04.3 ; 16         ; x86_64         ;
+---------------------------+------------------+----------------+------------+----------------+


------------
; Flow Log ;
------------
quartus_map --read_settings_files=on --write_settings_files=off processor_p3 -c processor_p3
quartus_fit --read_settings_files=off --write_settings_files=off processor_p3 -c processor_p3
quartus_asm --read_settings_files=off --write_settings_files=off processor_p3 -c processor_p3
quartus_sta processor_p3 -c processor_p3
quartus_eda --read_settings_files=off --write_settings_files=off processor_p3 -c processor_p3



