Analysis & Synthesis report for processor_p3
Fri Apr 27 20:47:49 2018
Quartus Prime Version 17.1.0 Build 590 10/25/2017 SJ Standard Edition


---------------------
; Table of Contents ;
---------------------
  1. Legal Notice
  2. Analysis & Synthesis Summary
  3. Analysis & Synthesis Settings
  4. Parallel Compilation
  5. Analysis & Synthesis Source Files Read
  6. Analysis & Synthesis Resource Usage Summary
  7. Analysis & Synthesis Resource Utilization by Entity
  8. Logic Cells Representing Combinational Loops
  9. General Register Statistics
 10. Multiplexer Restructuring Statistics (Restructuring Performed)
 11. Post-Synthesis Netlist Statistics for Top Partition
 12. Elapsed Time Per Partition
 13. Analysis & Synthesis Messages



----------------
; Legal Notice ;
----------------
Copyright (C) 2017  Intel Corporation. All rights reserved.
Your use of Intel Corporation's design tools, logic functions 
and other software and tools, and its AMPP partner logic 
functions, and any output files from any of the foregoing 
(including device programming or simulation files), and any 
associated documentation or information are expressly subject 
to the terms and conditions of the Intel Program License 
Subscription Agreement, the Intel Quartus Prime License Agreement,
the Intel FPGA IP License Agreement, or other applicable license
agreement, including, without limitation, that your use is for
the sole purpose of programming logic devices manufactured by
Intel and sold by Intel or its authorized distributors.  Please
refer to the applicable agreement for further details.



+--------------------------------------------------------------------------------------+
; Analysis & Synthesis Summary                                                         ;
+------------------------------------+-------------------------------------------------+
; Analysis & Synthesis Status        ; Successful - Fri Apr 27 20:47:49 2018           ;
; Quartus Prime Version              ; 17.1.0 Build 590 10/25/2017 SJ Standard Edition ;
; Revision Name                      ; processor_p3                                    ;
; Top-level Entity Name              ; processor_p3                                    ;
; Family                             ; Cyclone IV E                                    ;
; Total logic elements               ; 641                                             ;
;     Total combinational functions  ; 641                                             ;
;     Dedicated logic registers      ; 32                                              ;
; Total registers                    ; 32                                              ;
; Total pins                         ; 120                                             ;
; Total virtual pins                 ; 0                                               ;
; Total memory bits                  ; 0                                               ;
; Embedded Multiplier 9-bit elements ; 0                                               ;
; Total PLLs                         ; 0                                               ;
+------------------------------------+-------------------------------------------------+


+----------------------------------------------------------------------------------------------------------------------+
; Analysis & Synthesis Settings                                                                                        ;
+----------------------------------------------------------------------------+--------------------+--------------------+
; Option                                                                     ; Setting            ; Default Value      ;
+----------------------------------------------------------------------------+--------------------+--------------------+
; Device                                                                     ; EP4CE30F23I7       ;                    ;
; Top-level entity name                                                      ; processor_p3       ; processor_p3       ;
; Family name                                                                ; Cyclone IV E       ; Cyclone V          ;
; Use smart compilation                                                      ; Off                ; Off                ;
; Enable parallel Assembler and TimeQuest Timing Analyzer during compilation ; On                 ; On                 ;
; Enable compact report table                                                ; Off                ; Off                ;
; Restructure Multiplexers                                                   ; Auto               ; Auto               ;
; Create Debugging Nodes for IP Cores                                        ; Off                ; Off                ;
; Preserve fewer node names                                                  ; On                 ; On                 ;
; Intel FPGA IP Evaluation Mode                                              ; Enable             ; Enable             ;
; Verilog Version                                                            ; Verilog_2001       ; Verilog_2001       ;
; VHDL Version                                                               ; VHDL_1993          ; VHDL_1993          ;
; State Machine Processing                                                   ; Auto               ; Auto               ;
; Safe State Machine                                                         ; Off                ; Off                ;
; Extract Verilog State Machines                                             ; On                 ; On                 ;
; Extract VHDL State Machines                                                ; On                 ; On                 ;
; Ignore Verilog initial constructs                                          ; Off                ; Off                ;
; Iteration limit for constant Verilog loops                                 ; 5000               ; 5000               ;
; Iteration limit for non-constant Verilog loops                             ; 250                ; 250                ;
; Add Pass-Through Logic to Inferred RAMs                                    ; On                 ; On                 ;
; Infer RAMs from Raw Logic                                                  ; On                 ; On                 ;
; Parallel Synthesis                                                         ; On                 ; On                 ;
; DSP Block Balancing                                                        ; Auto               ; Auto               ;
; NOT Gate Push-Back                                                         ; On                 ; On                 ;
; Power-Up Don't Care                                                        ; On                 ; On                 ;
; Remove Redundant Logic Cells                                               ; Off                ; Off                ;
; Remove Duplicate Registers                                                 ; On                 ; On                 ;
; Ignore CARRY Buffers                                                       ; Off                ; Off                ;
; Ignore CASCADE Buffers                                                     ; Off                ; Off                ;
; Ignore GLOBAL Buffers                                                      ; Off                ; Off                ;
; Ignore ROW GLOBAL Buffers                                                  ; Off                ; Off                ;
; Ignore LCELL Buffers                                                       ; Off                ; Off                ;
; Ignore SOFT Buffers                                                        ; On                 ; On                 ;
; Limit AHDL Integers to 32 Bits                                             ; Off                ; Off                ;
; Optimization Technique                                                     ; Balanced           ; Balanced           ;
; Carry Chain Length                                                         ; 70                 ; 70                 ;
; Auto Carry Chains                                                          ; On                 ; On                 ;
; Auto Open-Drain Pins                                                       ; On                 ; On                 ;
; Perform WYSIWYG Primitive Resynthesis                                      ; Off                ; Off                ;
; Auto ROM Replacement                                                       ; On                 ; On                 ;
; Auto RAM Replacement                                                       ; On                 ; On                 ;
; Auto DSP Block Replacement                                                 ; On                 ; On                 ;
; Auto Shift Register Replacement                                            ; Auto               ; Auto               ;
; Allow Shift Register Merging across Hierarchies                            ; Auto               ; Auto               ;
; Auto Clock Enable Replacement                                              ; On                 ; On                 ;
; Strict RAM Replacement                                                     ; Off                ; Off                ;
; Allow Synchronous Control Signals                                          ; On                 ; On                 ;
; Force Use of Synchronous Clear Signals                                     ; Off                ; Off                ;
; Auto RAM Block Balancing                                                   ; On                 ; On                 ;
; Auto RAM to Logic Cell Conversion                                          ; Off                ; Off                ;
; Auto Resource Sharing                                                      ; Off                ; Off                ;
; Allow Any RAM Size For Recognition                                         ; Off                ; Off                ;
; Allow Any ROM Size For Recognition                                         ; Off                ; Off                ;
; Allow Any Shift Register Size For Recognition                              ; Off                ; Off                ;
; Use LogicLock Constraints during Resource Balancing                        ; On                 ; On                 ;
; Ignore translate_off and synthesis_off directives                          ; Off                ; Off                ;
; Timing-Driven Synthesis                                                    ; On                 ; On                 ;
; Report Parameter Settings                                                  ; On                 ; On                 ;
; Report Source Assignments                                                  ; On                 ; On                 ;
; Report Connectivity Checks                                                 ; On                 ; On                 ;
; Ignore Maximum Fan-Out Assignments                                         ; Off                ; Off                ;
; Synchronization Register Chain Length                                      ; 2                  ; 2                  ;
; Power Optimization During Synthesis                                        ; Normal compilation ; Normal compilation ;
; HDL message level                                                          ; Level2             ; Level2             ;
; Suppress Register Optimization Related Messages                            ; Off                ; Off                ;
; Number of Removed Registers Reported in Synthesis Report                   ; 5000               ; 5000               ;
; Number of Swept Nodes Reported in Synthesis Report                         ; 5000               ; 5000               ;
; Number of Inverted Registers Reported in Synthesis Report                  ; 100                ; 100                ;
; Clock MUX Protection                                                       ; On                 ; On                 ;
; Auto Gated Clock Conversion                                                ; Off                ; Off                ;
; Block Design Naming                                                        ; Auto               ; Auto               ;
; SDC constraint protection                                                  ; Off                ; Off                ;
; Synthesis Effort                                                           ; Auto               ; Auto               ;
; Shift Register Replacement - Allow Asynchronous Clear Signal               ; On                 ; On                 ;
; Pre-Mapping Resynthesis Optimization                                       ; Off                ; Off                ;
; Analysis & Synthesis Message Level                                         ; Medium             ; Medium             ;
; Disable Register Merging Across Hierarchies                                ; Auto               ; Auto               ;
; Resource Aware Inference For Block RAM                                     ; On                 ; On                 ;
+----------------------------------------------------------------------------+--------------------+--------------------+


+------------------------------------------+
; Parallel Compilation                     ;
+----------------------------+-------------+
; Processors                 ; Number      ;
+----------------------------+-------------+
; Number detected on machine ; 8           ;
; Maximum allowed            ; 4           ;
;                            ;             ;
; Average used               ; 1.00        ;
; Maximum used               ; 1           ;
;                            ;             ;
; Usage by Processor         ; % Time Used ;
;     Processor 1            ; 100.0%      ;
+----------------------------+-------------+


+--------------------------------------------------------------------------------------------------------------------------------------------------------------------------------+
; Analysis & Synthesis Source Files Read                                                                                                                                         ;
+----------------------------------------+-----------------+------------------------------------+----------------------------------------------------------------------+---------+
; File Name with User-Entered Path       ; Used in Netlist ; File Type                          ; File Name with Absolute Path                                         ; Library ;
+----------------------------------------+-----------------+------------------------------------+----------------------------------------------------------------------+---------+
; ../eight_to_sixteen/eight_to_sixteen.v ; yes             ; User Verilog HDL File              ; /export/home/016/a0169654/SIMPLE/eight_to_sixteen/eight_to_sixteen.v ;         ;
; ../LED/LED.v                           ; yes             ; User Verilog HDL File              ; /export/home/016/a0169654/SIMPLE/LED/LED.v                           ;         ;
; ../data_selecter/data_selecter.v       ; yes             ; User Verilog HDL File              ; /export/home/016/a0169654/SIMPLE/data_selecter/data_selecter.v       ;         ;
; ../ALU/ALU.v                           ; yes             ; User Verilog HDL File              ; /export/home/016/a0169654/SIMPLE/ALU/ALU.v                           ;         ;
; ../AR/AR.v                             ; yes             ; User Verilog HDL File              ; /export/home/016/a0169654/SIMPLE/AR/AR.v                             ;         ;
; ../BR/BR.v                             ; yes             ; User Verilog HDL File              ; /export/home/016/a0169654/SIMPLE/BR/BR.v                             ;         ;
; processor_p3.bdf                       ; yes             ; User Block Diagram/Schematic File  ; /export/home/016/a0169654/SIMPLE/processor_p3/processor_p3.bdf       ;         ;
+----------------------------------------+-----------------+------------------------------------+----------------------------------------------------------------------+---------+


+---------------------------------------------------------------+
; Analysis & Synthesis Resource Usage Summary                   ;
+---------------------------------------------+-----------------+
; Resource                                    ; Usage           ;
+---------------------------------------------+-----------------+
; Estimated Total logic elements              ; 641             ;
;                                             ;                 ;
; Total combinational functions               ; 641             ;
; Logic element usage by number of LUT inputs ;                 ;
;     -- 4 input functions                    ; 370             ;
;     -- 3 input functions                    ; 184             ;
;     -- <=2 input functions                  ; 87              ;
;                                             ;                 ;
; Logic elements by mode                      ;                 ;
;     -- normal mode                          ; 579             ;
;     -- arithmetic mode                      ; 62              ;
;                                             ;                 ;
; Total registers                             ; 32              ;
;     -- Dedicated logic registers            ; 32              ;
;     -- I/O registers                        ; 0               ;
;                                             ;                 ;
; I/O pins                                    ; 120             ;
;                                             ;                 ;
; Embedded Multiplier 9-bit elements          ; 0               ;
;                                             ;                 ;
; Maximum fan-out node                        ; d_or_data~input ;
; Maximum fan-out                             ; 62              ;
; Total fan-out                               ; 2467            ;
; Average fan-out                             ; 2.70            ;
+---------------------------------------------+-----------------+


+---------------------------------------------------------------------------------------------------------------------------------------------------------------------------------------------------------------------------+
; Analysis & Synthesis Resource Utilization by Entity                                                                                                                                                                       ;
+----------------------------+---------------------+---------------------------+-------------+--------------+---------+-----------+------+--------------+------------------------------------+---------------+--------------+
; Compilation Hierarchy Node ; Combinational ALUTs ; Dedicated Logic Registers ; Memory Bits ; DSP Elements ; DSP 9x9 ; DSP 18x18 ; Pins ; Virtual Pins ; Full Hierarchy Name                ; Entity Name   ; Library Name ;
+----------------------------+---------------------+---------------------------+-------------+--------------+---------+-----------+------+--------------+------------------------------------+---------------+--------------+
; |processor_p3              ; 641 (0)             ; 32 (0)                    ; 0           ; 0            ; 0       ; 0         ; 120  ; 0            ; |processor_p3                      ; processor_p3  ; work         ;
;    |ALU:inst15|            ; 518 (518)           ; 0 (0)                     ; 0           ; 0            ; 0       ; 0         ; 0    ; 0            ; |processor_p3|ALU:inst15           ; ALU           ; work         ;
;    |AR:inst3|              ; 17 (17)             ; 16 (16)                   ; 0           ; 0            ; 0       ; 0         ; 0    ; 0            ; |processor_p3|AR:inst3             ; AR            ; work         ;
;    |BR:inst6|              ; 16 (16)             ; 16 (16)                   ; 0           ; 0            ; 0       ; 0         ; 0    ; 0            ; |processor_p3|BR:inst6             ; BR            ; work         ;
;    |LED:inst|              ; 57 (57)             ; 0 (0)                     ; 0           ; 0            ; 0       ; 0         ; 0    ; 0            ; |processor_p3|LED:inst             ; LED           ; work         ;
;    |data_selecter:inst12|  ; 17 (17)             ; 0 (0)                     ; 0           ; 0            ; 0       ; 0         ; 0    ; 0            ; |processor_p3|data_selecter:inst12 ; data_selecter ; work         ;
;    |data_selecter:inst13|  ; 16 (16)             ; 0 (0)                     ; 0           ; 0            ; 0       ; 0         ; 0    ; 0            ; |processor_p3|data_selecter:inst13 ; data_selecter ; work         ;
+----------------------------+---------------------+---------------------------+-------------+--------------+---------+-----------+------+--------------+------------------------------------+---------------+--------------+
Note: For table entries with two numbers listed, the numbers in parentheses indicate the number of resources of the given type used by the specific entity alone. The numbers listed outside of parentheses indicate the total resources of the given type used by the specific entity and all of its sub-entities in the hierarchy.


+------------------------------------------------------------+
; Logic Cells Representing Combinational Loops               ;
+--------------------------------------------------------+---+
; Logic Cell Name                                        ;   ;
+--------------------------------------------------------+---+
; ALU:inst15|Z~0                                         ;   ;
; ALU:inst15|S~0                                         ;   ;
; ALU:inst15|V~0                                         ;   ;
; Number of logic cells representing combinational loops ; 3 ;
+--------------------------------------------------------+---+
Note: All cells listed above may not be present at the end of synthesis due to various synthesis optimizations.


+------------------------------------------------------+
; General Register Statistics                          ;
+----------------------------------------------+-------+
; Statistic                                    ; Value ;
+----------------------------------------------+-------+
; Total registers                              ; 32    ;
; Number of registers using Synchronous Clear  ; 0     ;
; Number of registers using Synchronous Load   ; 0     ;
; Number of registers using Asynchronous Clear ; 0     ;
; Number of registers using Asynchronous Load  ; 0     ;
; Number of registers using Clock Enable       ; 32    ;
; Number of registers using Preset             ; 0     ;
+----------------------------------------------+-------+


+-----------------------------------------------------------------------------------------------------------------------------------------------------+
; Multiplexer Restructuring Statistics (Restructuring Performed)                                                                                      ;
+--------------------+-----------+---------------+----------------------+------------------------+------------+---------------------------------------+
; Multiplexer Inputs ; Bus Width ; Baseline Area ; Area if Restructured ; Saving if Restructured ; Registered ; Example Multiplexer Output            ;
+--------------------+-----------+---------------+----------------------+------------------------+------------+---------------------------------------+
; 3:1                ; 32 bits   ; 64 LEs        ; 32 LEs               ; 32 LEs                 ; Yes        ; |processor_p3|AR:inst3|data_to_ALU[5] ;
; 3:1                ; 4 bits    ; 8 LEs         ; 8 LEs                ; 0 LEs                  ; No         ; |processor_p3|ALU:inst15|ShiftLeft0   ;
; 3:1                ; 3 bits    ; 6 LEs         ; 6 LEs                ; 0 LEs                  ; No         ; |processor_p3|ALU:inst15|ShiftRight1  ;
; 3:1                ; 8 bits    ; 16 LEs        ; 8 LEs                ; 8 LEs                  ; No         ; |processor_p3|ALU:inst15|ShiftRight0  ;
; 3:1                ; 28 bits   ; 56 LEs        ; 28 LEs               ; 28 LEs                 ; No         ; |processor_p3|LED:inst|out[17]        ;
; 4:1                ; 3 bits    ; 6 LEs         ; 6 LEs                ; 0 LEs                  ; No         ; |processor_p3|ALU:inst15|ShiftLeft0   ;
; 4:1                ; 4 bits    ; 8 LEs         ; 8 LEs                ; 0 LEs                  ; No         ; |processor_p3|ALU:inst15|ShiftRight0  ;
; 5:1                ; 2 bits    ; 6 LEs         ; 6 LEs                ; 0 LEs                  ; No         ; |processor_p3|ALU:inst15|ShiftLeft0   ;
; 5:1                ; 4 bits    ; 12 LEs        ; 12 LEs               ; 0 LEs                  ; No         ; |processor_p3|ALU:inst15|ShiftRight0  ;
; 21:1               ; 14 bits   ; 196 LEs       ; 98 LEs               ; 98 LEs                 ; No         ; |processor_p3|ALU:inst15|out[2]       ;
+--------------------+-----------+---------------+----------------------+------------------------+------------+---------------------------------------+


+-----------------------------------------------------+
; Post-Synthesis Netlist Statistics for Top Partition ;
+-----------------------+-----------------------------+
; Type                  ; Count                       ;
+-----------------------+-----------------------------+
; boundary_port         ; 120                         ;
; cycloneiii_ff         ; 32                          ;
;     ENA               ; 32                          ;
; cycloneiii_lcell_comb ; 643                         ;
;     arith             ; 62                          ;
;         3 data inputs ; 62                          ;
;     normal            ; 581                         ;
;         0 data inputs ; 2                           ;
;         2 data inputs ; 87                          ;
;         3 data inputs ; 122                         ;
;         4 data inputs ; 370                         ;
;                       ;                             ;
; Max LUT depth         ; 12.00                       ;
; Average LUT depth     ; 8.36                        ;
+-----------------------+-----------------------------+


+-------------------------------+
; Elapsed Time Per Partition    ;
+----------------+--------------+
; Partition Name ; Elapsed Time ;
+----------------+--------------+
; Top            ; 00:00:01     ;
+----------------+--------------+


+-------------------------------+
; Analysis & Synthesis Messages ;
+-------------------------------+
Info: *******************************************************************
Info: Running Quartus Prime Analysis & Synthesis
    Info: Version 17.1.0 Build 590 10/25/2017 SJ Standard Edition
    Info: Processing started: Fri Apr 27 20:47:39 2018
Info: Command: quartus_map --read_settings_files=on --write_settings_files=off processor_p3 -c processor_p3
Warning (18236): Number of processors has not been specified which may cause overloading on shared machines.  Set the global assignment NUM_PARALLEL_PROCESSORS in your QSF to an appropriate value for best performance.
Info (20030): Parallel compilation is enabled and will use 4 of the 4 processors detected
Info (12021): Found 1 design units, including 1 entities, in source file /export/home/016/a0169654/SIMPLE/eight_to_sixteen/eight_to_sixteen.v
    Info (12023): Found entity 1: eight_to_sixteen File: /export/home/016/a0169654/SIMPLE/eight_to_sixteen/eight_to_sixteen.v Line: 1
Info (12021): Found 1 design units, including 1 entities, in source file /export/home/016/a0169654/SIMPLE/SZCV/SZCV.v
    Info (12023): Found entity 1: SZCV File: /export/home/016/a0169654/SIMPLE/SZCV/SZCV.v Line: 1
Info (12021): Found 1 design units, including 1 entities, in source file /export/home/016/a0169654/SIMPLE/LED/LED.v
    Info (12023): Found entity 1: LED File: /export/home/016/a0169654/SIMPLE/LED/LED.v Line: 1
Info (12021): Found 1 design units, including 1 entities, in source file /export/home/016/a0169654/SIMPLE/phase_counter/phase_counter.v
    Info (12023): Found entity 1: phase_counter File: /export/home/016/a0169654/SIMPLE/phase_counter/phase_counter.v Line: 1
Info (12021): Found 1 design units, including 1 entities, in source file /export/home/016/a0169654/SIMPLE/data_selecter_controller/data_selecter_controller.v
    Info (12023): Found entity 1: data_selecter_controller File: /export/home/016/a0169654/SIMPLE/data_selecter_controller/data_selecter_controller.v Line: 1
Info (12021): Found 1 design units, including 1 entities, in source file /export/home/016/a0169654/SIMPLE/data_selecter/data_selecter.v
    Info (12023): Found entity 1: data_selecter File: /export/home/016/a0169654/SIMPLE/data_selecter/data_selecter.v Line: 1
Info (12021): Found 1 design units, including 1 entities, in source file /export/home/016/a0169654/SIMPLE/ALU/ALU.v
    Info (12023): Found entity 1: ALU File: /export/home/016/a0169654/SIMPLE/ALU/ALU.v Line: 1
Info (12021): Found 1 design units, including 1 entities, in source file /export/home/016/a0169654/SIMPLE/AR/AR.v
    Info (12023): Found entity 1: AR File: /export/home/016/a0169654/SIMPLE/AR/AR.v Line: 3
Info (12021): Found 1 design units, including 1 entities, in source file /export/home/016/a0169654/SIMPLE/BR/BR.v
    Info (12023): Found entity 1: BR File: /export/home/016/a0169654/SIMPLE/BR/BR.v Line: 1
Info (12021): Found 1 design units, including 1 entities, in source file processor_p3.bdf
    Info (12023): Found entity 1: processor_p3
Info (12127): Elaborating entity "processor_p3" for the top level hierarchy
Warning (275009): Pin "exec" not connected
Info (12128): Elaborating entity "LED" for hierarchy "LED:inst"
Warning (10776): Verilog HDL warning at LED.v(8): variable decode4_8 in static task or function decode4_8 may have unintended latch behavior File: /export/home/016/a0169654/SIMPLE/LED/LED.v Line: 8
Warning (10241): Verilog HDL Function Declaration warning at LED.v(8): function "decode4_8" may return a Don't Care value because its output register may not be assigned a value in every possible path through the function File: /export/home/016/a0169654/SIMPLE/LED/LED.v Line: 8
Warning (10030): Net "decode4_8" at LED.v(8) has no driver or initial value, using a default initial value '0' File: /export/home/016/a0169654/SIMPLE/LED/LED.v Line: 8
Info (12128): Elaborating entity "AR" for hierarchy "AR:inst3"
Info (12128): Elaborating entity "ALU" for hierarchy "ALU:inst15"
Warning (10036): Verilog HDL or VHDL warning at ALU.v(11): object "plus_result" assigned a value but never read File: /export/home/016/a0169654/SIMPLE/ALU/ALU.v Line: 11
Warning (10036): Verilog HDL or VHDL warning at ALU.v(12): object "minus_result" assigned a value but never read File: /export/home/016/a0169654/SIMPLE/ALU/ALU.v Line: 12
Warning (10036): Verilog HDL or VHDL warning at ALU.v(14): object "SLL_result" assigned a value but never read File: /export/home/016/a0169654/SIMPLE/ALU/ALU.v Line: 14
Warning (10036): Verilog HDL or VHDL warning at ALU.v(15): object "SLR_result" assigned a value but never read File: /export/home/016/a0169654/SIMPLE/ALU/ALU.v Line: 15
Warning (10036): Verilog HDL or VHDL warning at ALU.v(16): object "SRL_result" assigned a value but never read File: /export/home/016/a0169654/SIMPLE/ALU/ALU.v Line: 16
Warning (10036): Verilog HDL or VHDL warning at ALU.v(17): object "SRR_result" assigned a value but never read File: /export/home/016/a0169654/SIMPLE/ALU/ALU.v Line: 17
Warning (10230): Verilog HDL assignment warning at ALU.v(115): truncated value with size 16 to match size of target (1) File: /export/home/016/a0169654/SIMPLE/ALU/ALU.v Line: 115
Info (12128): Elaborating entity "data_selecter" for hierarchy "data_selecter:inst13"
Info (12128): Elaborating entity "BR" for hierarchy "BR:inst6"
Info (12128): Elaborating entity "eight_to_sixteen" for hierarchy "eight_to_sixteen:inst14"
Warning (13024): Output pins are stuck at VCC or GND
    Warning (13410): Pin "selecter" is stuck at VCC
    Warning (13410): Pin "LED[24]" is stuck at GND
    Warning (13410): Pin "LED[16]" is stuck at GND
    Warning (13410): Pin "LED[8]" is stuck at GND
    Warning (13410): Pin "LED[0]" is stuck at GND
Info (286030): Timing-Driven Synthesis is running
Info (16010): Generating hard_block partition "hard_block:auto_generated_inst"
    Info (16011): Adding 0 node(s), including 0 DDIO, 0 PLL, 0 transceiver and 0 LCELL
Warning (21074): Design contains 1 input pin(s) that do not drive logic
    Warning (15610): No output dependent on input pin "exec"
Info (21057): Implemented 761 device resources after synthesis - the final resource count might be different
    Info (21058): Implemented 70 input pins
    Info (21059): Implemented 50 output pins
    Info (21061): Implemented 641 logic cells
Info: Quartus Prime Analysis & Synthesis was successful. 0 errors, 20 warnings
    Info: Peak virtual memory: 1057 megabytes
    Info: Processing ended: Fri Apr 27 20:47:49 2018
    Info: Elapsed time: 00:00:10
    Info: Total CPU time (on all processors): 00:00:25


